2025-09-16 02:10:48.356 [AWT-EventQueue-0] INFO  level - Level 1 started - User: Mahdi
2025-09-16 02:10:48.357 [AWT-EventQueue-0] INFO  level - Level started - Number: 1, Name: Network Foundation, Description: Learn the basics of network routing with simple square and triangle packets
2025-09-16 02:11:45.267 [AWT-EventQueue-0] INFO  level - Level completed - Number: 1, Name: Level 1, CompletionTime: 56908ms, PacketsDelivered: 30, PacketLoss: 0, CoinsEarned: 0
2025-09-16 02:19:41.912 [AWT-EventQueue-0] INFO  level - Level 1 started - User: Mahdi
2025-09-16 02:19:41.912 [AWT-EventQueue-0] INFO  level - Level started - Number: 1, Name: Network Foundation, Description: Learn the basics of network routing with simple square and triangle packets
2025-09-16 02:20:41.886 [AWT-EventQueue-0] INFO  level - Level completed - Number: 1, Name: Level 1, CompletionTime: 59972ms, PacketsDelivered: 30, PacketLoss: 0, CoinsEarned: 0
2025-09-16 02:21:18.399 [AWT-EventQueue-0] INFO  level - Level 1 started - User: Mahdi
2025-09-16 02:21:18.400 [AWT-EventQueue-0] INFO  level - Level started - Number: 1, Name: Network Foundation, Description: Learn the basics of network routing with simple square and triangle packets
2025-09-16 02:22:33.596 [AWT-EventQueue-0] INFO  level - Level 1 started - User: Mahdi
2025-09-16 02:22:33.598 [AWT-EventQueue-0] INFO  level - Level started - Number: 1, Name: Network Foundation, Description: Learn the basics of network routing with simple square and triangle packets
2025-09-16 02:24:31.473 [AWT-EventQueue-0] INFO  level - Level 1 started - User: Mahdi
2025-09-16 02:24:31.473 [AWT-EventQueue-0] INFO  level - Level started - Number: 1, Name: Network Foundation, Description: Learn the basics of network routing with simple square and triangle packets
2025-09-16 02:25:54.216 [AWT-EventQueue-0] INFO  level - Level completed - Number: 1, Name: Level 1, CompletionTime: 82742ms, PacketsDelivered: 30, PacketLoss: 0, CoinsEarned: 0
2025-09-16 02:26:56.008 [AWT-EventQueue-0] INFO  level - Level started - Number: 3, Name: Security Systems, Description: Introduce VPN and Anti-trojan systems with confidential packets
2025-09-16 02:28:32.024 [AWT-EventQueue-0] INFO  level - Level completed - Number: 3, Name: Level 3, CompletionTime: 96016ms, PacketsDelivered: 50, PacketLoss: 0, CoinsEarned: 0
2025-09-16 02:29:12.468 [AWT-EventQueue-0] INFO  level - Level 1 started - User: Mahdi
2025-09-16 02:29:12.469 [AWT-EventQueue-0] INFO  level - Level started - Number: 1, Name: Network Foundation, Description: Learn the basics of network routing with simple square and triangle packets
2025-09-16 02:51:59.314 [AWT-EventQueue-0] INFO  level - Level 1 started - User: Mahdi
2025-09-16 02:51:59.315 [AWT-EventQueue-0] INFO  level - Level started - Number: 1, Name: Network Foundation, Description: Learn the basics of network routing with simple square and triangle packets
2025-09-16 02:52:14.450 [AWT-EventQueue-0] INFO  level - Level 1 started - User: Mahdi
2025-09-16 02:52:14.451 [AWT-EventQueue-0] INFO  level - Level started - Number: 1, Name: Network Foundation, Description: Learn the basics of network routing with simple square and triangle packets
2025-09-16 02:53:15.555 [AWT-EventQueue-0] INFO  level - Level completed - Number: 1, Name: Level 1, CompletionTime: 61103ms, PacketsDelivered: 30, PacketLoss: 0, CoinsEarned: 0
2025-09-16 02:53:15.571 [AWT-EventQueue-0] INFO  level - Level completed - Number: 1, Name: Network Foundation, CompletionTime: 61120ms, PacketsDelivered: 30, PacketLoss: 0, CoinsEarned: 129
2025-09-16 02:53:17.415 [AWT-EventQueue-0] INFO  level - Level started - Number: 2, Name: Packet Diversity, Description: Master different packet types with varying speeds and behaviors
2025-09-16 02:54:23.867 [AWT-EventQueue-0] INFO  level - Level 1 started - User: Mahdi
2025-09-16 02:54:23.868 [AWT-EventQueue-0] INFO  level - Level started - Number: 1, Name: Network Foundation, Description: Learn the basics of network routing with simple square and triangle packets
2025-09-16 02:54:45.018 [AWT-EventQueue-0] INFO  level - Level 1 started - User: Mahdi
2025-09-16 02:54:45.019 [AWT-EventQueue-0] INFO  level - Level started - Number: 1, Name: Network Foundation, Description: Learn the basics of network routing with simple square and triangle packets
2025-09-16 02:55:34.633 [AWT-EventQueue-0] INFO  level - Level 1 started - User: Mahdi
2025-09-16 02:55:34.633 [AWT-EventQueue-0] INFO  level - Level started - Number: 1, Name: Network Foundation, Description: Learn the basics of network routing with simple square and triangle packets
2025-09-16 02:56:49.699 [AWT-EventQueue-0] INFO  level - Level completed - Number: 1, Name: Level 1, CompletionTime: 75065ms, PacketsDelivered: 30, PacketLoss: 0, CoinsEarned: 0
2025-09-16 02:56:49.715 [AWT-EventQueue-0] INFO  level - Level completed - Number: 1, Name: Network Foundation, CompletionTime: 75082ms, PacketsDelivered: 30, PacketLoss: 0, CoinsEarned: 115
2025-09-16 02:56:54.345 [AWT-EventQueue-0] INFO  level - Level started - Number: 2, Name: Packet Diversity, Description: Master different packet types with varying speeds and behaviors
2025-09-16 03:06:52.690 [AWT-EventQueue-0] INFO  level - Level 1 started - User: Mahdi
2025-09-16 03:06:52.691 [AWT-EventQueue-0] INFO  level - Level started - Number: 1, Name: Network Foundation, Description: Learn the basics of network routing with simple square and triangle packets
2025-09-16 03:07:37.955 [AWT-EventQueue-0] INFO  level - Level completed - Number: 1, Name: Level 1, CompletionTime: 45264ms, PacketsDelivered: 30, PacketLoss: 0, CoinsEarned: 0
2025-09-16 03:55:28.611 [AWT-EventQueue-0] INFO  level - Level 1 started - User: Mahdi
2025-09-16 03:55:28.612 [AWT-EventQueue-0] INFO  level - Level started - Number: 1, Name: Network Foundation, Description: Learn the basics of network routing with simple square and triangle packets
2025-09-16 03:56:20.725 [AWT-EventQueue-0] INFO  level - Level completed - Number: 1, Name: Level 1, CompletionTime: 52113ms, PacketsDelivered: 30, PacketLoss: 0, CoinsEarned: 0
2025-09-16 03:56:23.930 [AWT-EventQueue-0] INFO  level - Level started - Number: 2, Name: Packet Diversity, Description: Master different packet types with varying speeds and behaviors
2025-09-16 03:57:43.184 [AWT-EventQueue-0] INFO  level - Level completed - Number: 2, Name: Level 2, CompletionTime: 79253ms, PacketsDelivered: 40, PacketLoss: 0, CoinsEarned: 0
2025-09-16 03:57:50.531 [AWT-EventQueue-0] INFO  level - Level 1 started - User: Mahdi
2025-09-16 03:57:50.532 [AWT-EventQueue-0] INFO  level - Level started - Number: 1, Name: Network Foundation, Description: Learn the basics of network routing with simple square and triangle packets
2025-09-16 03:58:32.575 [AWT-EventQueue-0] INFO  level - Level completed - Number: 1, Name: Level 1, CompletionTime: 42043ms, PacketsDelivered: 30, PacketLoss: 0, CoinsEarned: 0
2025-09-16 03:58:48.413 [AWT-EventQueue-0] INFO  level - Level 1 started - User: Mahdi
2025-09-16 03:58:48.413 [AWT-EventQueue-0] INFO  level - Level started - Number: 1, Name: Network Foundation, Description: Learn the basics of network routing with simple square and triangle packets
2025-09-16 03:59:29.804 [AWT-EventQueue-0] INFO  level - Level completed - Number: 1, Name: Level 1, CompletionTime: 41391ms, PacketsDelivered: 30, PacketLoss: 0, CoinsEarned: 0
2025-09-16 03:59:32.543 [AWT-EventQueue-0] INFO  level - Level started - Number: 2, Name: Packet Diversity, Description: Master different packet types with varying speeds and behaviors
2025-09-16 04:00:32.312 [AWT-EventQueue-0] INFO  level - Level completed - Number: 2, Name: Level 2, CompletionTime: 59768ms, PacketsDelivered: 40, PacketLoss: 0, CoinsEarned: 0
2025-09-16 04:34:53.508 [AWT-EventQueue-0] INFO  level - Level 1 started - User: Mahdi
2025-09-16 04:34:53.509 [AWT-EventQueue-0] INFO  level - Level started - Number: 1, Name: Network Foundation, Description: Learn the basics of network routing with simple square and triangle packets
2025-09-16 04:36:00.773 [AWT-EventQueue-0] INFO  level - Level 1 started - User: Mahdi
2025-09-16 04:36:00.774 [AWT-EventQueue-0] INFO  level - Level started - Number: 1, Name: Network Foundation, Description: Learn the basics of network routing with simple square and triangle packets
2025-09-16 04:36:44.418 [AWT-EventQueue-0] INFO  level - Level completed - Number: 1, Name: Level 1, CompletionTime: 43643ms, PacketsDelivered: 30, PacketLoss: 0, CoinsEarned: 0
2025-09-16 04:40:51.138 [AWT-EventQueue-0] INFO  level - Level 1 started - User: Mahdi
2025-09-16 04:40:51.139 [AWT-EventQueue-0] INFO  level - Level started - Number: 1, Name: Network Foundation, Description: Learn the basics of network routing with simple square and triangle packets
2025-09-16 04:41:38.159 [AWT-EventQueue-0] INFO  level - Level completed - Number: 1, Name: Level 1, CompletionTime: 47017ms, PacketsDelivered: 30, PacketLoss: 0, CoinsEarned: 0
2025-09-16 04:59:43.959 [AWT-EventQueue-0] INFO  level - Level 1 started - User: Mahdi
2025-09-16 04:59:43.960 [AWT-EventQueue-0] INFO  level - Level started - Number: 1, Name: Network Foundation, Description: Learn the basics of network routing with simple square and triangle packets
2025-09-16 05:00:28.242 [AWT-EventQueue-0] INFO  level - Level completed - Number: 1, Name: Level 1, CompletionTime: 44280ms, PacketsDelivered: 30, PacketLoss: 0, CoinsEarned: 0
2025-09-16 05:00:34.836 [AWT-EventQueue-0] INFO  level - Level started - Number: 2, Name: Packet Diversity, Description: Master different packet types with varying speeds and behaviors
2025-09-16 05:01:05.699 [AWT-EventQueue-0] INFO  level - Level 1 started - User: Mahdi
2025-09-16 05:01:05.700 [AWT-EventQueue-0] INFO  level - Level started - Number: 1, Name: Network Foundation, Description: Learn the basics of network routing with simple square and triangle packets
2025-09-16 05:01:48.513 [AWT-EventQueue-0] INFO  level - Level completed - Number: 1, Name: Level 1, CompletionTime: 42811ms, PacketsDelivered: 30, PacketLoss: 0, CoinsEarned: 0
2025-09-16 05:01:50.738 [AWT-EventQueue-0] INFO  level - Level started - Number: 2, Name: Packet Diversity, Description: Master different packet types with varying speeds and behaviors
2025-09-16 05:03:03.286 [AWT-EventQueue-0] INFO  level - Level completed - Number: 2, Name: Level 2, CompletionTime: 72547ms, PacketsDelivered: 40, PacketLoss: 0, CoinsEarned: 0
2025-09-16 05:03:52.146 [AWT-EventQueue-0] INFO  level - Level started - Number: 3, Name: Security Systems, Description: Introduce VPN and Anti-trojan systems with confidential packets
2025-09-16 05:05:09.712 [AWT-EventQueue-0] INFO  level - Level completed - Number: 3, Name: Level 3, CompletionTime: 77565ms, PacketsDelivered: 50, PacketLoss: 0, CoinsEarned: 0
2025-09-16 05:05:29.683 [AWT-EventQueue-0] INFO  level - Level started - Number: 4, Name: Heavy Traffic, Description: Handle bulky packets and complex distribution/merge systems
2025-09-16 05:06:43.859 [AWT-EventQueue-0] INFO  level - Level completed - Number: 4, Name: Level 4, CompletionTime: 74175ms, PacketsDelivered: 60, PacketLoss: 0, CoinsEarned: 0
2025-09-16 05:06:47.949 [AWT-EventQueue-0] INFO  level - Level started - Number: 5, Name: Master Challenge, Description: Master all game mechanics with maximum complexity and difficulty
2025-09-16 05:10:43.744 [AWT-EventQueue-0] INFO  level - Level 1 started - User: Mahdi
2025-09-16 05:10:43.746 [AWT-EventQueue-0] INFO  level - Level started - Number: 1, Name: Network Foundation, Description: Learn the basics of network routing with simple square and triangle packets
2025-09-16 05:11:27.324 [AWT-EventQueue-0] INFO  level - Level completed - Number: 1, Name: Level 1, CompletionTime: 43573ms, PacketsDelivered: 30, PacketLoss: 0, CoinsEarned: 0
2025-09-16 05:13:26.635 [AWT-EventQueue-0] INFO  level - Level started - Number: 2, Name: Packet Diversity, Description: Master different packet types with varying speeds and behaviors
2025-09-16 05:14:46.264 [AWT-EventQueue-0] INFO  level - Level completed - Number: 2, Name: Level 2, CompletionTime: 79628ms, PacketsDelivered: 40, PacketLoss: 0, CoinsEarned: 0
2025-09-16 05:14:50.128 [AWT-EventQueue-0] INFO  level - Level started - Number: 2, Name: Packet Diversity, Description: Master different packet types with varying speeds and behaviors
2025-09-16 05:15:04.861 [AWT-EventQueue-0] INFO  level - Level 1 started - User: Mahdi
2025-09-16 05:15:04.861 [AWT-EventQueue-0] INFO  level - Level started - Number: 1, Name: Network Foundation, Description: Learn the basics of network routing with simple square and triangle packets
2025-09-16 05:16:27.760 [AWT-EventQueue-0] INFO  level - Level completed - Number: 1, Name: Level 1, CompletionTime: 82896ms, PacketsDelivered: 30, PacketLoss: 0, CoinsEarned: 0
2025-09-16 05:16:30.867 [AWT-EventQueue-0] INFO  level - Level 1 started - User: Mahdi
2025-09-16 05:16:30.867 [AWT-EventQueue-0] INFO  level - Level started - Number: 1, Name: Network Foundation, Description: Learn the basics of network routing with simple square and triangle packets
2025-09-16 05:16:49.276 [AWT-EventQueue-0] INFO  level - Level 1 started - User: Mahdi
2025-09-16 05:16:49.276 [AWT-EventQueue-0] INFO  level - Level started - Number: 1, Name: Network Foundation, Description: Learn the basics of network routing with simple square and triangle packets
2025-09-16 05:17:33.909 [AWT-EventQueue-0] INFO  level - Level completed - Number: 1, Name: Level 1, CompletionTime: 44631ms, PacketsDelivered: 30, PacketLoss: 0, CoinsEarned: 0
2025-09-16 05:17:56.723 [AWT-EventQueue-0] INFO  level - Level started - Number: 2, Name: Packet Diversity, Description: Master different packet types with varying speeds and behaviors
2025-09-16 05:22:52.235 [AWT-EventQueue-0] INFO  level - Level completed - Number: 2, Name: Level 2, CompletionTime: 295511ms, PacketsDelivered: 40, PacketLoss: 0, CoinsEarned: 0
2025-09-16 05:23:53.159 [AWT-EventQueue-0] INFO  level - Level started - Number: 2, Name: Packet Diversity, Description: Master different packet types with varying speeds and behaviors
2025-09-16 05:24:18.505 [AWT-EventQueue-0] INFO  level - Level 1 started - User: Mahdi
2025-09-16 05:24:18.506 [AWT-EventQueue-0] INFO  level - Level started - Number: 1, Name: Network Foundation, Description: Learn the basics of network routing with simple square and triangle packets
2025-09-16 05:25:03.597 [AWT-EventQueue-0] INFO  level - Level completed - Number: 1, Name: Level 1, CompletionTime: 45088ms, PacketsDelivered: 30, PacketLoss: 0, CoinsEarned: 0
2025-09-16 05:25:18.155 [AWT-EventQueue-0] INFO  level - Level 1 started - User: Mahdi
2025-09-16 05:25:18.156 [AWT-EventQueue-0] INFO  level - Level started - Number: 1, Name: Network Foundation, Description: Learn the basics of network routing with simple square and triangle packets
2025-09-16 07:30:07.841 [AWT-EventQueue-0] INFO  level - Level 1 started - User: Mahdi
2025-09-16 07:30:07.841 [AWT-EventQueue-0] INFO  level - Level started - Number: 1, Name: Network Foundation, Description: Learn the basics of network routing with simple square and triangle packets
2025-09-16 07:30:58.207 [AWT-EventQueue-0] INFO  level - Level completed - Number: 1, Name: Level 1, CompletionTime: 50356ms, PacketsDelivered: 30, PacketLoss: 0, CoinsEarned: 0
2025-09-16 07:31:47.827 [AWT-EventQueue-0] INFO  level - Level started - Number: 2, Name: Packet Diversity, Description: Master different packet types with varying speeds and behaviors
2025-09-16 07:32:55.649 [AWT-EventQueue-0] INFO  level - Level completed - Number: 2, Name: Level 2, CompletionTime: 67821ms, PacketsDelivered: 40, PacketLoss: 0, CoinsEarned: 0
2025-09-16 07:34:13.649 [AWT-EventQueue-0] INFO  level - Level 1 started - User: Mahdi
2025-09-16 07:34:13.649 [AWT-EventQueue-0] INFO  level - Level started - Number: 1, Name: Network Foundation, Description: Learn the basics of network routing with simple square and triangle packets
2025-09-16 07:35:14.822 [AWT-EventQueue-0] INFO  level - Level completed - Number: 1, Name: Level 1, CompletionTime: 61171ms, PacketsDelivered: 30, PacketLoss: 0, CoinsEarned: 0
2025-09-16 07:35:34.496 [AWT-EventQueue-0] INFO  level - Level 1 started - User: Mahdi
2025-09-16 07:35:34.497 [AWT-EventQueue-0] INFO  level - Level started - Number: 1, Name: Network Foundation, Description: Learn the basics of network routing with simple square and triangle packets
2025-09-16 07:36:09.175 [AWT-EventQueue-0] INFO  level - Level 1 started - User: Mahdi
2025-09-16 07:36:09.175 [AWT-EventQueue-0] INFO  level - Level started - Number: 1, Name: Network Foundation, Description: Learn the basics of network routing with simple square and triangle packets
2025-09-16 07:37:03.458 [AWT-EventQueue-0] INFO  level - Level completed - Number: 1, Name: Level 1, CompletionTime: 54282ms, PacketsDelivered: 30, PacketLoss: 0, CoinsEarned: 0
2025-09-16 07:37:09.309 [AWT-EventQueue-0] INFO  level - Level started - Number: 2, Name: Packet Diversity, Description: Master different packet types with varying speeds and behaviors
2025-09-16 07:39:24.346 [AWT-EventQueue-0] INFO  level - Level completed - Number: 2, Name: Level 2, CompletionTime: 135037ms, PacketsDelivered: 40, PacketLoss: 0, CoinsEarned: 0
2025-09-16 07:39:34.998 [AWT-EventQueue-0] INFO  level - Level started - Number: 2, Name: Packet Diversity, Description: Master different packet types with varying speeds and behaviors
2025-09-16 07:45:52.844 [AWT-EventQueue-0] INFO  level - Level 1 started - User: Mahdi
2025-09-16 07:45:57.361 [AWT-EventQueue-0] INFO  level - Level 1 started - User: Mahdi
2025-09-16 07:45:57.362 [AWT-EventQueue-0] INFO  level - Level started - Number: 1, Name: Network Foundation, Description: Learn the basics of network routing with simple square and triangle packets
2025-09-16 07:46:49.795 [AWT-EventQueue-0] INFO  level - Level completed - Number: 1, Name: Level 1, CompletionTime: 52432ms, PacketsDelivered: 30, PacketLoss: 0, CoinsEarned: 0
2025-09-16 07:46:57.183 [AWT-EventQueue-0] INFO  level - Level 1 started - User: Mahdi
2025-09-16 07:46:57.183 [AWT-EventQueue-0] INFO  level - Level started - Number: 2, Name: Packet Diversity, Description: Master different packet types with varying speeds and behaviors
2025-09-16 07:48:47.889 [AWT-EventQueue-0] INFO  level - Level completed - Number: 2, Name: Level 2, CompletionTime: 110706ms, PacketsDelivered: 40, PacketLoss: 0, CoinsEarned: 0
2025-09-16 07:49:30.172 [AWT-EventQueue-0] INFO  level - Level 1 started - User: Mahdi
2025-09-16 07:49:30.173 [AWT-EventQueue-0] INFO  level - Level started - Number: 2, Name: Packet Diversity, Description: Master different packet types with varying speeds and behaviors
2025-09-16 07:50:02.904 [AWT-EventQueue-0] INFO  level - Level 1 started - User: Mahdi
2025-09-16 07:50:22.924 [AWT-EventQueue-0] INFO  level - Level 1 started - User: Mahdi
2025-09-16 07:50:22.925 [AWT-EventQueue-0] INFO  level - Level started - Number: 1, Name: Network Foundation, Description: Learn the basics of network routing with simple square and triangle packets
2025-09-16 07:51:10.841 [AWT-EventQueue-0] INFO  level - Level completed - Number: 1, Name: Level 1, CompletionTime: 47915ms, PacketsDelivered: 30, PacketLoss: 0, CoinsEarned: 0
2025-09-16 07:51:13.772 [AWT-EventQueue-0] INFO  level - Level 1 started - User: Mahdi
2025-09-16 07:51:13.772 [AWT-EventQueue-0] INFO  level - Level started - Number: 2, Name: Packet Diversity, Description: Master different packet types with varying speeds and behaviors
2025-09-16 07:52:54.554 [AWT-EventQueue-0] INFO  level - Level completed - Number: 2, Name: Level 2, CompletionTime: 100782ms, PacketsDelivered: 40, PacketLoss: 0, CoinsEarned: 0
2025-09-16 07:53:04.927 [AWT-EventQueue-0] INFO  level - Level 1 started - User: Mahdi
2025-09-16 07:53:04.928 [AWT-EventQueue-0] INFO  level - Level started - Number: 2, Name: Packet Diversity, Description: Master different packet types with varying speeds and behaviors
2025-09-16 07:54:19.765 [AWT-EventQueue-0] INFO  level - Level completed - Number: 2, Name: Level 2, CompletionTime: 74837ms, PacketsDelivered: 40, PacketLoss: 0, CoinsEarned: 0
2025-09-16 07:54:29.747 [AWT-EventQueue-0] INFO  level - Level 1 started - User: Mahdi
2025-09-16 07:54:29.747 [AWT-EventQueue-0] INFO  level - Level started - Number: 3, Name: Security Systems, Description: Introduce VPN and Anti-trojan systems with confidential packets
2025-09-16 07:56:34.353 [AWT-EventQueue-0] INFO  level - Level completed - Number: 3, Name: Level 3, CompletionTime: 124606ms, PacketsDelivered: 50, PacketLoss: 0, CoinsEarned: 0
2025-09-16 07:57:35.196 [AWT-EventQueue-0] INFO  level - Level 1 started - User: Mahdi
2025-09-16 07:57:35.196 [AWT-EventQueue-0] INFO  level - Level started - Number: 4, Name: Heavy Traffic, Description: Handle bulky packets and complex distribution/merge systems
2025-09-16 08:07:11.262 [AWT-EventQueue-0] INFO  level - Level 0 started - User: Mahdi
2025-09-16 08:07:11.262 [AWT-EventQueue-0] INFO  level - Level started - Number: 1, Name: Network Foundation, Description: Learn the basics of network routing with simple square and triangle packets
2025-09-16 08:07:56.427 [AWT-EventQueue-0] INFO  level - Level completed - Number: 1, Name: Level 1, CompletionTime: 45163ms, PacketsDelivered: 30, PacketLoss: 0, CoinsEarned: 0
2025-09-16 08:08:03.538 [AWT-EventQueue-0] INFO  level - Level 1 started - User: Mahdi
2025-09-16 08:08:03.539 [AWT-EventQueue-0] INFO  level - Level started - Number: 2, Name: Packet Diversity, Description: Master different packet types with varying speeds and behaviors
2025-09-16 08:09:29.947 [AWT-EventQueue-0] INFO  level - Level completed - Number: 2, Name: Level 2, CompletionTime: 86408ms, PacketsDelivered: 40, PacketLoss: 0, CoinsEarned: 0
2025-09-16 08:10:33.588 [AWT-EventQueue-0] INFO  level - Level 2 started - User: Mahdi
2025-09-16 08:10:33.588 [AWT-EventQueue-0] INFO  level - Level started - Number: 3, Name: Security Systems, Description: Introduce VPN and Anti-trojan systems with confidential packets
2025-09-16 08:20:18.346 [AWT-EventQueue-0] INFO  level - Level 0 started - User: Mahdi
2025-09-16 08:20:18.346 [AWT-EventQueue-0] INFO  level - Level started - Number: 1, Name: Network Foundation, Description: Learn the basics of network routing with simple square and triangle packets
2025-09-16 08:21:30.006 [AWT-EventQueue-0] INFO  level - Level completed - Number: 1, Name: Level 1, CompletionTime: 71659ms, PacketsDelivered: 30, PacketLoss: 0, CoinsEarned: 0
2025-09-16 08:21:34.482 [AWT-EventQueue-0] INFO  level - Level 1 started - User: Mahdi
2025-09-16 08:21:34.482 [AWT-EventQueue-0] INFO  level - Level started - Number: 2, Name: Packet Diversity, Description: Master different packet types with varying speeds and behaviors
2025-09-16 08:38:59.008 [AWT-EventQueue-0] INFO  level - Level 0 started - User: Mahdi
2025-09-16 08:39:01.998 [AWT-EventQueue-0] INFO  level - Level 0 started - User: Mahdi
2025-09-16 08:39:01.998 [AWT-EventQueue-0] INFO  level - Level started - Number: 1, Name: Network Foundation, Description: Learn the basics of network routing with simple square and triangle packets
2025-09-16 08:39:49.531 [AWT-EventQueue-0] INFO  level - Level completed - Number: 1, Name: Level 1, CompletionTime: 47531ms, PacketsDelivered: 30, PacketLoss: 0, CoinsEarned: 0
2025-09-16 08:39:58.042 [AWT-EventQueue-0] INFO  level - Level 1 started - User: Mahdi
2025-09-16 08:39:58.042 [AWT-EventQueue-0] INFO  level - Level started - Number: 2, Name: Packet Diversity, Description: Master different packet types with varying speeds and behaviors
2025-09-16 08:41:43.792 [AWT-EventQueue-0] INFO  level - Level completed - Number: 2, Name: Level 2, CompletionTime: 105750ms, PacketsDelivered: 40, PacketLoss: 0, CoinsEarned: 0
2025-09-16 08:41:54.363 [AWT-EventQueue-0] INFO  level - Level 2 started - User: Mahdi
2025-09-16 08:41:54.363 [AWT-EventQueue-0] INFO  level - Level started - Number: 3, Name: Security Systems, Description: Introduce VPN and Anti-trojan systems with confidential packets
2025-09-16 08:50:00.153 [AWT-EventQueue-0] INFO  level - Level 0 started - User: Mahdi
2025-09-16 08:50:00.153 [AWT-EventQueue-0] INFO  level - Level started - Number: 1, Name: Network Foundation, Description: Learn the basics of network routing with simple square and triangle packets
2025-09-16 08:51:10.395 [AWT-EventQueue-0] INFO  level - Level completed - Number: 1, Name: Level 1, CompletionTime: 70241ms, PacketsDelivered: 30, PacketLoss: 0, CoinsEarned: 0
2025-09-16 08:51:12.831 [AWT-EventQueue-0] INFO  level - Level 1 started - User: Mahdi
2025-09-16 08:51:12.832 [AWT-EventQueue-0] INFO  level - Level started - Number: 2, Name: Packet Diversity, Description: Master different packet types with varying speeds and behaviors
2025-09-16 08:53:41.186 [AWT-EventQueue-0] INFO  level - Level completed - Number: 2, Name: Level 2, CompletionTime: 148354ms, PacketsDelivered: 40, PacketLoss: 0, CoinsEarned: 0
2025-09-16 08:53:43.744 [AWT-EventQueue-0] INFO  level - Level 2 started - User: Mahdi
2025-09-16 08:53:43.744 [AWT-EventQueue-0] INFO  level - Level started - Number: 3, Name: Security Systems, Description: Introduce VPN and Anti-trojan systems with confidential packets
2025-09-16 09:19:23.131 [AWT-EventQueue-0] INFO  level - Level 0 started - User: Mahdi
2025-09-16 09:19:25.237 [AWT-EventQueue-0] INFO  level - Level 0 started - User: Mahdi
2025-09-16 09:19:25.237 [AWT-EventQueue-0] INFO  level - Level started - Number: 1, Name: Network Foundation, Description: Learn the basics of network routing with simple square and triangle packets
2025-09-16 09:20:18.067 [AWT-EventQueue-0] INFO  level - Level completed - Number: 1, Name: Level 1, CompletionTime: 52829ms, PacketsDelivered: 30, PacketLoss: 0, CoinsEarned: 0
2025-09-16 09:20:21.107 [AWT-EventQueue-0] INFO  level - Level 1 started - User: Mahdi
2025-09-16 09:20:21.107 [AWT-EventQueue-0] INFO  level - Level started - Number: 2, Name: Packet Diversity, Description: Master different packet types with varying speeds and behaviors
2025-09-16 09:22:25.147 [AWT-EventQueue-0] INFO  level - Level completed - Number: 2, Name: Level 2, CompletionTime: 124040ms, PacketsDelivered: 40, PacketLoss: 0, CoinsEarned: 0
2025-09-16 09:22:59.460 [AWT-EventQueue-0] INFO  level - Level 2 started - User: Mahdi
2025-09-16 09:22:59.461 [AWT-EventQueue-0] INFO  level - Level started - Number: 3, Name: Security Systems, Description: Introduce VPN and Anti-trojan systems with confidential packets
2025-09-16 09:43:21.507 [AWT-EventQueue-0] INFO  level - Level 0 started - User: Mahdi
2025-09-16 09:43:21.507 [AWT-EventQueue-0] INFO  level - Level started - Number: 1, Name: Network Foundation, Description: Learn the basics of network routing with simple square and triangle packets
2025-09-16 09:45:26.672 [AWT-EventQueue-0] INFO  level - Level 0 started - User: Mahdi
2025-09-16 09:45:26.672 [AWT-EventQueue-0] INFO  level - Level started - Number: 1, Name: Network Foundation, Description: Learn the basics of network routing with simple square and triangle packets
2025-09-16 09:46:18.847 [AWT-EventQueue-0] INFO  level - Level completed - Number: 1, Name: Level 1, CompletionTime: 52173ms, PacketsDelivered: 30, PacketLoss: 0, CoinsEarned: 0
2025-09-16 09:46:23.651 [AWT-EventQueue-0] INFO  level - Level 1 started - User: Mahdi
2025-09-16 09:46:23.651 [AWT-EventQueue-0] INFO  level - Level started - Number: 2, Name: Packet Diversity, Description: Master different packet types with varying speeds and behaviors
2025-09-16 09:48:09.563 [AWT-EventQueue-0] INFO  level - Level completed - Number: 2, Name: Level 2, CompletionTime: 105912ms, PacketsDelivered: 40, PacketLoss: 0, CoinsEarned: 0
2025-09-16 09:48:12.883 [AWT-EventQueue-0] INFO  level - Level 2 started - User: Mahdi
2025-09-16 09:48:12.883 [AWT-EventQueue-0] INFO  level - Level started - Number: 3, Name: Security Systems, Description: Introduce VPN and Anti-trojan systems with confidential packets
2025-09-16 09:58:33.888 [AWT-EventQueue-0] INFO  level - Level 0 started - User: Mahdi
2025-09-16 09:58:33.888 [AWT-EventQueue-0] INFO  level - Level started - Number: 1, Name: Network Foundation, Description: Learn the basics of network routing with simple square and triangle packets
2025-09-16 09:59:37.006 [AWT-EventQueue-0] INFO  level - Level completed - Number: 1, Name: Level 1, CompletionTime: 63117ms, PacketsDelivered: 30, PacketLoss: 0, CoinsEarned: 0
2025-09-16 09:59:40.344 [AWT-EventQueue-0] INFO  level - Level 1 started - User: Mahdi
2025-09-16 09:59:40.345 [AWT-EventQueue-0] INFO  level - Level started - Number: 2, Name: Packet Diversity, Description: Master different packet types with varying speeds and behaviors
2025-09-16 10:00:53.309 [AWT-EventQueue-0] INFO  level - Level completed - Number: 2, Name: Level 2, CompletionTime: 72964ms, PacketsDelivered: 40, PacketLoss: 0, CoinsEarned: 0
2025-09-16 10:00:54.272 [AWT-EventQueue-0] INFO  level - Level 2 started - User: Mahdi
2025-09-16 10:00:54.272 [AWT-EventQueue-0] INFO  level - Level started - Number: 3, Name: Security Systems, Description: Introduce VPN and Anti-trojan systems with confidential packets
2025-09-16 10:33:56.410 [AWT-EventQueue-0] INFO  level - Level 0 started - User: Mahdi
2025-09-16 10:33:56.411 [AWT-EventQueue-0] INFO  level - Level started - Number: 1, Name: Security Systems, Description: Introduce VPN and Anti-trojan systems with confidential packets
2025-09-16 10:38:02.501 [AWT-EventQueue-0] INFO  level - Level 0 started - User: Mahdi
2025-09-16 10:38:13.304 [AWT-EventQueue-0] INFO  level - Level 0 started - User: Mahdi
2025-09-16 10:38:13.305 [AWT-EventQueue-0] INFO  level - Level started - Number: 1, Name: Security Systems, Description: Introduce VPN and Anti-trojan systems with confidential packets
2025-09-16 10:45:11.608 [AWT-EventQueue-0] INFO  level - Level 0 started - User: Mahdi
2025-09-16 10:45:15.364 [AWT-EventQueue-0] INFO  level - Level 0 started - User: Mahdi
2025-09-16 10:45:15.364 [AWT-EventQueue-0] INFO  level - Level started - Number: 1, Name: Security Systems, Description: Introduce VPN and Anti-trojan systems with confidential packets
2025-09-16 10:46:46.211 [AWT-EventQueue-0] INFO  level - Level 0 started - User: Mahdi
2025-09-16 10:46:46.211 [AWT-EventQueue-0] INFO  level - Level started - Number: 1, Name: Security Systems, Description: Introduce VPN and Anti-trojan systems with confidential packets
2025-09-16 10:53:16.049 [AWT-EventQueue-0] INFO  level - Level 0 started - User: Mahdi
2025-09-16 10:53:25.896 [AWT-EventQueue-0] INFO  level - Level 0 started - User: Mahdi
2025-09-16 10:53:25.896 [AWT-EventQueue-0] INFO  level - Level started - Number: 1, Name: Security Systems, Description: Introduce VPN and Anti-trojan systems with confidential packets
2025-09-16 10:54:52.494 [AWT-EventQueue-0] INFO  level - Level completed - Number: 1, Name: Level 1, CompletionTime: 86597ms, PacketsDelivered: 30, PacketLoss: 0, CoinsEarned: 0
2025-09-16 10:55:06.430 [AWT-EventQueue-0] INFO  level - Level 1 started - User: Mahdi
2025-09-16 10:55:06.430 [AWT-EventQueue-0] INFO  level - Level started - Number: 1, Name: Security Systems, Description: Introduce VPN and Anti-trojan systems with confidential packets
2025-09-16 10:56:14.923 [AWT-EventQueue-0] INFO  level - Level completed - Number: 1, Name: Level 1, CompletionTime: 68493ms, PacketsDelivered: 30, PacketLoss: 0, CoinsEarned: 0
2025-09-16 11:04:04.346 [AWT-EventQueue-0] INFO  level - Level 0 started - User: Mahdi
2025-09-16 11:04:04.346 [AWT-EventQueue-0] INFO  level - Level started - Number: 1, Name: Security Systems, Description: Introduce VPN and Anti-trojan systems with confidential packets
2025-09-16 11:05:32.993 [AWT-EventQueue-0] INFO  level - Level completed - Number: 1, Name: Level 1, CompletionTime: 88644ms, PacketsDelivered: 30, PacketLoss: 0, CoinsEarned: 0
2025-09-16 11:05:42.407 [AWT-EventQueue-0] INFO  level - Level 1 started - User: Mahdi
2025-09-16 11:05:42.408 [AWT-EventQueue-0] INFO  level - Level started - Number: 1, Name: Security Systems, Description: Introduce VPN and Anti-trojan systems with confidential packets
2025-09-16 11:07:01.557 [AWT-EventQueue-0] INFO  level - Level completed - Number: 1, Name: Level 1, CompletionTime: 79149ms, PacketsDelivered: 30, PacketLoss: 0, CoinsEarned: 0
2025-09-16 11:20:40.639 [AWT-EventQueue-0] INFO  level - Level 0 started - User: Mahdi
2025-09-16 11:20:40.639 [AWT-EventQueue-0] INFO  level - Level started - Number: 1, Name: Security Systems, Description: Introduce VPN and Anti-trojan systems with confidential packets
2025-09-16 11:22:01.966 [AWT-EventQueue-0] INFO  level - Level completed - Number: 1, Name: Level 1, CompletionTime: 81326ms, PacketsDelivered: 30, PacketLoss: 0, CoinsEarned: 0
2025-09-20 16:58:00.623 [AWT-EventQueue-0] INFO  level - Level 0 started - User: Mahdi
2025-09-20 16:58:00.623 [AWT-EventQueue-0] INFO  level - Level started - Number: 1, Name: Network Foundation, Description: Learn the basics of network routing with simple square and triangle packets
2025-09-20 18:58:14.536 [AWT-EventQueue-0] INFO  level - Level 0 started - User: Player_1758382061903
2025-09-20 18:58:14.536 [AWT-EventQueue-0] INFO  level - Level started - Number: 1, Name: Network Foundation, Description: Learn the basics of network routing with simple square and triangle packets
2025-09-20 18:59:10.228 [AWT-EventQueue-0] INFO  level - Level completed - Number: 1, Name: Level 1, CompletionTime: 55690ms, PacketsDelivered: 30, PacketLoss: 0, CoinsEarned: 0
2025-09-20 19:00:59.500 [AWT-EventQueue-0] INFO  level - Level 1 started - User: Player_1758382061903
2025-09-20 19:00:59.500 [AWT-EventQueue-0] INFO  level - Level started - Number: 1, Name: Network Foundation, Description: Learn the basics of network routing with simple square and triangle packets
2025-09-20 19:02:00.263 [AWT-EventQueue-0] INFO  level - Level completed - Number: 1, Name: Level 1, CompletionTime: 60763ms, PacketsDelivered: 30, PacketLoss: 0, CoinsEarned: 0
2025-09-20 19:04:28.017 [AWT-EventQueue-0] INFO  level - Level 0 started - User: Player_1758382453165
2025-09-20 19:04:28.018 [AWT-EventQueue-0] INFO  level - Level started - Number: 1, Name: Network Foundation, Description: Learn the basics of network routing with simple square and triangle packets
2025-09-20 19:05:28.043 [AWT-EventQueue-0] INFO  level - Level completed - Number: 1, Name: Level 1, CompletionTime: 60024ms, PacketsDelivered: 30, PacketLoss: 0, CoinsEarned: 0
2025-09-20 19:06:18.081 [AWT-EventQueue-0] INFO  level - Level 1 started - User: Player_1758382453165
2025-09-20 19:06:18.082 [AWT-EventQueue-0] INFO  level - Level started - Number: 1, Name: Network Foundation, Description: Learn the basics of network routing with simple square and triangle packets
2025-09-20 19:08:40.922 [AWT-EventQueue-0] INFO  level - Level 0 started - User: Player_1758382701858
2025-09-20 19:08:40.924 [AWT-EventQueue-0] INFO  level - Level started - Number: 1, Name: Network Foundation, Description: Learn the basics of network routing with simple square and triangle packets
2025-09-20 19:08:41.931 [AWT-EventQueue-0] INFO  level - Level 0 started - User: Player_1758382712146
2025-09-20 19:08:41.932 [AWT-EventQueue-0] INFO  level - Level started - Number: 1, Name: Network Foundation, Description: Learn the basics of network routing with simple square and triangle packets
2025-09-20 19:20:30.111 [AWT-EventQueue-0] INFO  level - Level 0 started - User: Player_1758383425798
2025-09-20 19:20:30.113 [AWT-EventQueue-0] INFO  level - Level started - Number: 1, Name: Network Foundation, Description: Learn the basics of network routing with simple square and triangle packets
2025-09-20 19:21:46.180 [AWT-EventQueue-0] INFO  level - Level completed - Number: 1, Name: Level 1, CompletionTime: 76066ms, PacketsDelivered: 30, PacketLoss: 0, CoinsEarned: 0
2025-09-20 19:39:58.199 [AWT-EventQueue-0] INFO  level - Level 0 started - User: Player_1758384589778
2025-09-20 19:39:58.201 [AWT-EventQueue-0] INFO  level - Level started - Number: 1, Name: Network Foundation, Description: Learn the basics of network routing with simple square and triangle packets
2025-09-20 19:40:40.989 [AWT-EventQueue-0] INFO  level - Level completed - Number: 1, Name: Level 1, CompletionTime: 42786ms, PacketsDelivered: 30, PacketLoss: 0, CoinsEarned: 0
2025-09-20 19:56:15.147 [AWT-EventQueue-0] INFO  level - Level 0 started - User: Player_1758385569419
2025-09-20 19:56:15.150 [AWT-EventQueue-0] INFO  level - Level started - Number: 1, Name: Network Foundation, Description: Learn the basics of network routing with simple square and triangle packets
2025-09-20 19:57:26.601 [AWT-EventQueue-0] INFO  level - Level completed - Number: 1, Name: Level 1, CompletionTime: 71449ms, PacketsDelivered: 30, PacketLoss: 0, CoinsEarned: 0
2025-09-20 20:01:34.840 [AWT-EventQueue-0] INFO  level - Level 0 started - User: Player_1758385892265
2025-09-20 20:01:34.842 [AWT-EventQueue-0] INFO  level - Level started - Number: 1, Name: Network Foundation, Description: Learn the basics of network routing with simple square and triangle packets
2025-09-20 20:02:34.397 [AWT-EventQueue-0] INFO  level - Level completed - Number: 1, Name: Level 1, CompletionTime: 59552ms, PacketsDelivered: 30, PacketLoss: 0, CoinsEarned: 0
