2025-09-22 14:17:27.624 [AWT-EventQueue-0] INFO  system - Connection created - ID: Game.Connection@49613831, From: A:0 -> To: B:0, Length: 85.09
2025-09-22 14:17:35.098 [AWT-EventQueue-0] INFO  system - Connection created - ID: Game.Connection@5c8ce992, From: A:1 -> To: B:1, Length: 85.09
2025-09-22 14:17:50.934 [AWT-EventQueue-0] INFO  system - Connection created - ID: Game.Connection@16fbad06, From: B:0 -> To: D:0, Length: 60.01
2025-09-22 14:17:54.873 [AWT-EventQueue-0] INFO  system - Connection created - ID: Game.Connection@3485b178, From: B:1 -> To: D:1, Length: 60.01
2025-09-22 14:18:04.185 [AWT-EventQueue-0] INFO  system - Connection created - ID: Game.Connection@128d5099, From: D:0 -> To: C:0, Length: 79.40
2025-09-22 14:18:21.581 [AWT-EventQueue-0] INFO  system - Connection created - ID: Game.Connection@3ea18b22, From: D:1 -> To: C:1, Length: 79.40
2025-09-22 14:20:55.157 [AWT-EventQueue-0] INFO  system - Connection created - ID: Game.Connection@6ccd8c4b, From: A:0 -> To: B:0, Length: 77.00
2025-09-22 14:20:59.711 [AWT-EventQueue-0] INFO  system - Connection created - ID: Game.Connection@443680e0, From: A:1 -> To: B:1, Length: 77.00
2025-09-22 14:21:07.809 [AWT-EventQueue-0] INFO  system - Connection created - ID: Game.Connection@568cdf7f, From: B:0 -> To: D:0, Length: 70.60
2025-09-22 14:21:12.597 [AWT-EventQueue-0] INFO  system - Connection created - ID: Game.Connection@2e1456b9, From: B:1 -> To: D:1, Length: 70.60
2025-09-22 14:21:21.265 [AWT-EventQueue-0] INFO  system - Connection created - ID: Game.Connection@18c3ebcd, From: D:0 -> To: C:0, Length: 65.03
2025-09-22 14:21:34.810 [AWT-EventQueue-0] INFO  system - Connection created - ID: Game.Connection@3d9cc1fd, From: D:1 -> To: C:1, Length: 65.03
2025-09-22 14:30:03.457 [AWT-EventQueue-0] INFO  system - Connection created - ID: Game.Connection@77fc4b82, From: A:0 -> To: B:0, Length: 73.44
2025-09-22 14:30:08.238 [AWT-EventQueue-0] INFO  system - Connection created - ID: Game.Connection@593128fc, From: A:1 -> To: B:1, Length: 73.44
2025-09-22 14:30:17.166 [AWT-EventQueue-0] INFO  system - Connection created - ID: Game.Connection@5fe6a7bd, From: B:0 -> To: D:0, Length: 73.44
2025-09-22 14:30:21.045 [AWT-EventQueue-0] INFO  system - Connection created - ID: Game.Connection@5c46f6fe, From: B:1 -> To: D:1, Length: 73.44
2025-09-22 14:30:29.702 [AWT-EventQueue-0] INFO  system - Connection created - ID: Game.Connection@f54fa10, From: D:0 -> To: C:0, Length: 77.88
2025-09-22 14:30:33.545 [AWT-EventQueue-0] INFO  system - Connection created - ID: Game.Connection@502b0bbd, From: D:1 -> To: C:1, Length: 77.88
2025-09-22 14:35:15.050 [AWT-EventQueue-0] INFO  system - Connection created - ID: Game.Connection@58ae3549, From: A:0 -> To: B:0, Length: 77.06
2025-09-22 14:35:19.569 [AWT-EventQueue-0] INFO  system - Connection created - ID: Game.Connection@7e5e0cac, From: A:1 -> To: B:1, Length: 77.06
2025-09-22 14:35:30.380 [AWT-EventQueue-0] INFO  system - Connection created - ID: Game.Connection@1ab961f3, From: B:0 -> To: D:0, Length: 51.04
2025-09-22 14:35:35.353 [AWT-EventQueue-0] INFO  system - Connection created - ID: Game.Connection@1a8cea11, From: B:1 -> To: D:1, Length: 51.04
2025-09-22 14:35:44.197 [AWT-EventQueue-0] INFO  system - Connection created - ID: Game.Connection@1571a70a, From: D:0 -> To: C:0, Length: 60.07
2025-09-22 14:35:49.043 [AWT-EventQueue-0] INFO  system - Connection created - ID: Game.Connection@453716ec, From: D:1 -> To: C:1, Length: 60.07
2025-09-22 14:38:30.149 [AWT-EventQueue-0] INFO  system - Connection created - ID: Game.Connection@49917746, From: A:0 -> To: B:0, Length: 67.12
2025-09-22 14:38:35.902 [AWT-EventQueue-0] INFO  system - Connection created - ID: Game.Connection@d4cf65, From: A:1 -> To: B:1, Length: 67.12
2025-09-22 14:38:43.374 [AWT-EventQueue-0] INFO  system - Connection created - ID: Game.Connection@3a3f8d25, From: B:0 -> To: D:0, Length: 54.74
2025-09-22 14:38:47.517 [AWT-EventQueue-0] INFO  system - Connection created - ID: Game.Connection@2760fc0e, From: B:1 -> To: D:1, Length: 54.74
2025-09-22 14:38:55.561 [AWT-EventQueue-0] INFO  system - Connection created - ID: Game.Connection@cd5fa89, From: D:0 -> To: C:0, Length: 56.04
2025-09-22 14:39:00.056 [AWT-EventQueue-0] INFO  system - Connection created - ID: Game.Connection@7ec1db27, From: D:1 -> To: C:1, Length: 56.04
2025-09-22 14:42:50.090 [AWT-EventQueue-0] INFO  system - Connection created - ID: Game.Connection@3e8587ff, From: A:0 -> To: B:0, Length: 74.06
2025-09-22 14:42:53.015 [AWT-EventQueue-0] INFO  system - Connection created - ID: Game.Connection@19b69da3, From: A:1 -> To: B:1, Length: 74.06
2025-09-22 14:43:01.307 [AWT-EventQueue-0] INFO  system - Connection created - ID: Game.Connection@3be25aa5, From: B:0 -> To: D:0, Length: 72.01
2025-09-22 14:43:04.711 [AWT-EventQueue-0] INFO  system - Connection created - ID: Game.Connection@6e9c7e43, From: B:1 -> To: D:1, Length: 72.01
2025-09-22 14:43:13.414 [AWT-EventQueue-0] INFO  system - Connection created - ID: Game.Connection@2edc1dad, From: D:0 -> To: C:0, Length: 74.06
2025-09-22 14:43:16.939 [AWT-EventQueue-0] INFO  system - Connection created - ID: Game.Connection@1ef69334, From: D:1 -> To: C:1, Length: 74.06
2025-09-22 14:47:46.034 [AWT-EventQueue-0] INFO  system - Connection created - ID: Game.Connection@63645dcb, From: A:0 -> To: B:0, Length: 79.06
2025-09-22 14:47:50.669 [AWT-EventQueue-0] INFO  system - Connection created - ID: Game.Connection@2bdad65, From: A:1 -> To: B:1, Length: 79.06
2025-09-22 14:47:57.948 [AWT-EventQueue-0] INFO  system - Connection created - ID: Game.Connection@33b67588, From: B:0 -> To: D:0, Length: 69.26
2025-09-22 14:48:04.411 [AWT-EventQueue-0] INFO  system - Connection created - ID: Game.Connection@24e9620e, From: B:1 -> To: D:1, Length: 69.26
2025-09-22 14:48:12.140 [AWT-EventQueue-0] INFO  system - Connection created - ID: Game.Connection@213e101d, From: D:0 -> To: C:0, Length: 103.31
2025-09-22 14:48:17.059 [AWT-EventQueue-0] INFO  system - Connection created - ID: Game.Connection@739260b, From: D:1 -> To: C:1, Length: 103.31
2025-09-22 14:50:20.488 [AWT-EventQueue-0] INFO  system - Connection created - ID: Game.Connection@7f30b60c, From: A:0 -> To: B:0, Length: 78.03
2025-09-22 14:50:23.915 [AWT-EventQueue-0] INFO  system - Connection created - ID: Game.Connection@4d3bd593, From: A:1 -> To: B:1, Length: 78.03
2025-09-22 14:50:31.343 [AWT-EventQueue-0] INFO  system - Connection created - ID: Game.Connection@2502b0e5, From: B:0 -> To: D:0, Length: 79.03
2025-09-22 14:50:34.937 [AWT-EventQueue-0] INFO  system - Connection created - ID: Game.Connection@6355891a, From: B:1 -> To: D:1, Length: 79.03
2025-09-22 14:50:42.008 [AWT-EventQueue-0] INFO  system - Connection created - ID: Game.Connection@60cf6e20, From: D:0 -> To: C:0, Length: 77.01
2025-09-22 14:50:45.647 [AWT-EventQueue-0] INFO  system - Connection created - ID: Game.Connection@54676ff4, From: D:1 -> To: C:1, Length: 77.01
2025-09-22 14:54:15.461 [AWT-EventQueue-0] INFO  system - Connection created - ID: Game.Connection@492c8203, From: A:0 -> To: B:0, Length: 63.15
2025-09-22 14:54:19.538 [AWT-EventQueue-0] INFO  system - Connection created - ID: Game.Connection@3f4c11c2, From: A:1 -> To: B:1, Length: 63.15
2025-09-22 14:54:26.304 [AWT-EventQueue-0] INFO  system - Connection created - ID: Game.Connection@2343ba31, From: B:0 -> To: D:0, Length: 70.06
2025-09-22 14:54:30.007 [AWT-EventQueue-0] INFO  system - Connection created - ID: Game.Connection@6bf3c69b, From: B:1 -> To: D:1, Length: 70.06
2025-09-22 14:54:37.858 [AWT-EventQueue-0] INFO  system - Connection created - ID: Game.Connection@54352911, From: D:0 -> To: C:0, Length: 59.01
2025-09-22 14:54:42.849 [AWT-EventQueue-0] INFO  system - Connection created - ID: Game.Connection@2d0b7409, From: D:1 -> To: C:1, Length: 59.01
2025-09-22 15:00:50.292 [AWT-EventQueue-0] INFO  system - Connection created - ID: Game.Connection@6d8e96fa, From: A:0 -> To: B:0, Length: 61.00
2025-09-22 15:00:53.943 [AWT-EventQueue-0] INFO  system - Connection created - ID: Game.Connection@7f9fbfcb, From: A:1 -> To: B:1, Length: 61.00
2025-09-22 15:01:02.644 [AWT-EventQueue-0] INFO  system - Connection created - ID: Game.Connection@334211fa, From: B:0 -> To: D:0, Length: 50.00
2025-09-22 15:01:06.589 [AWT-EventQueue-0] INFO  system - Connection created - ID: Game.Connection@35607c2a, From: B:1 -> To: D:1, Length: 50.00
2025-09-22 15:01:15.243 [AWT-EventQueue-0] INFO  system - Connection created - ID: Game.Connection@1c8666a, From: D:0 -> To: C:0, Length: 51.01
2025-09-22 15:01:18.610 [AWT-EventQueue-0] INFO  system - Connection created - ID: Game.Connection@2bf7665d, From: D:1 -> To: C:1, Length: 51.01
2025-09-22 15:07:57.991 [AWT-EventQueue-0] INFO  system - Connection created - ID: Game.Connection@a5c1d35, From: A:0 -> To: B:0, Length: 28.00
2025-09-22 15:08:01.585 [AWT-EventQueue-0] INFO  system - Connection created - ID: Game.Connection@56912a4, From: A:1 -> To: B:1, Length: 28.00
2025-09-22 15:08:09.664 [AWT-EventQueue-0] INFO  system - Connection created - ID: Game.Connection@1f7e2e61, From: B:0 -> To: D:0, Length: 20.62
2025-09-22 15:08:12.909 [AWT-EventQueue-0] INFO  system - Connection created - ID: Game.Connection@554a4029, From: B:1 -> To: D:1, Length: 20.62
2025-09-22 15:08:18.549 [AWT-EventQueue-0] INFO  system - Connection created - ID: Game.Connection@5edaefdc, From: D:0 -> To: C:0, Length: 27.89
2025-09-22 15:08:21.492 [AWT-EventQueue-0] INFO  system - Connection created - ID: Game.Connection@7d629143, From: D:1 -> To: C:1, Length: 27.89
2025-09-22 15:18:31.665 [AWT-EventQueue-0] INFO  system - Connection created - ID: Game.Connection@27ed75a6, From: A:0 -> To: B:0, Length: 330.00
2025-09-22 15:18:36.288 [AWT-EventQueue-0] INFO  system - Connection created - ID: Game.Connection@5b6ab88b, From: A:1 -> To: B:1, Length: 330.00
2025-09-22 15:18:43.702 [AWT-EventQueue-0] INFO  system - Connection created - ID: Game.Connection@6f4f5041, From: B:0 -> To: D:0, Length: 84.60
2025-09-22 15:18:47.100 [AWT-EventQueue-0] INFO  system - Connection created - ID: Game.Connection@772301c0, From: B:1 -> To: D:1, Length: 84.60
2025-09-22 15:18:53.518 [AWT-EventQueue-0] INFO  system - Connection created - ID: Game.Connection@7a2af4b0, From: D:0 -> To: C:0, Length: 135.00
2025-09-22 15:18:57.998 [AWT-EventQueue-0] INFO  system - Connection created - ID: Game.Connection@440adb18, From: D:1 -> To: C:1, Length: 135.00
2025-09-22 15:44:23.680 [AWT-EventQueue-0] INFO  system - Connection created - ID: Game.Connection@67ca1877, From: A:0 -> To: B:0, Length: 330.00
2025-09-22 15:44:32.390 [AWT-EventQueue-0] INFO  system - Connection created - ID: Game.Connection@7d6d7478, From: B:0 -> To: D:0, Length: 41.11
2025-09-22 15:44:35.981 [AWT-EventQueue-0] INFO  system - Connection created - ID: Game.Connection@fcfd4f0, From: B:1 -> To: D:1, Length: 41.11
2025-09-22 15:44:39.547 [AWT-EventQueue-0] INFO  system - Connection created - ID: Game.Connection@60e3fa48, From: D:0 -> To: C:0, Length: 50.60
2025-09-22 15:44:42.366 [AWT-EventQueue-0] INFO  system - Connection created - ID: Game.Connection@3d31c503, From: D:1 -> To: C:1, Length: 50.60
2025-09-22 15:44:45.198 [AWT-EventQueue-0] INFO  system - Connection created - ID: Game.Connection@73f69a6b, From: A:1 -> To: B:1, Length: 81.06
2025-09-22 15:58:30.301 [AWT-EventQueue-0] INFO  system - Connection created - ID: Game.Connection@7378fd21, From: A:0 -> To: B:0, Length: 330.00
2025-09-22 15:58:36.140 [AWT-EventQueue-0] INFO  system - Connection created - ID: Game.Connection@463a7c, From: B:0 -> To: D:0, Length: 41.44
2025-09-22 15:58:38.735 [AWT-EventQueue-0] INFO  system - Connection created - ID: Game.Connection@798f64d7, From: B:1 -> To: D:1, Length: 41.44
2025-09-22 15:58:42.494 [AWT-EventQueue-0] INFO  system - Connection created - ID: Game.Connection@78c575d8, From: D:0 -> To: C:0, Length: 54.15
2025-09-22 15:58:44.962 [AWT-EventQueue-0] INFO  system - Connection created - ID: Game.Connection@21d0f08c, From: D:1 -> To: C:1, Length: 54.15
2025-09-22 15:58:47.794 [AWT-EventQueue-0] INFO  system - Connection created - ID: Game.Connection@35064d79, From: A:1 -> To: B:1, Length: 95.19
2025-09-22 16:24:47.169 [AWT-EventQueue-0] INFO  system - Connection created - ID: Game.Connection@5061f5c8, From: A:0 -> To: B:0, Length: 84.01
2025-09-22 16:24:49.596 [AWT-EventQueue-0] INFO  system - Connection created - ID: Game.Connection@30c182aa, From: A:1 -> To: B:1, Length: 84.01
2025-09-22 16:24:54.175 [AWT-EventQueue-0] INFO  system - Connection created - ID: Game.Connection@2eb099d4, From: B:0 -> To: D:0, Length: 40.05
2025-09-22 16:24:56.383 [AWT-EventQueue-0] INFO  system - Connection created - ID: Game.Connection@17d54f6d, From: B:1 -> To: D:1, Length: 40.05
2025-09-22 16:25:01.322 [AWT-EventQueue-0] INFO  system - Connection created - ID: Game.Connection@2720b796, From: D:0 -> To: C:0, Length: 43.42
2025-09-22 16:25:05.264 [AWT-EventQueue-0] INFO  system - Connection created - ID: Game.Connection@5cb981b5, From: D:1 -> To: C:1, Length: 61.07
2025-09-22 16:26:16.659 [AWT-EventQueue-0] INFO  system - Connection created - ID: Game.Connection@7c598cde, From: A:0 -> To: B:0, Length: 330.00
2025-09-22 16:26:20.211 [AWT-EventQueue-0] INFO  system - Connection created - ID: Game.Connection@7f0dd44b, From: A:1 -> To: B:1, Length: 48.09
2025-09-22 16:26:24.636 [AWT-EventQueue-0] INFO  system - Connection created - ID: Game.Connection@6dc96fea, From: B:0 -> To: D:0, Length: 53.15
2025-09-22 16:26:29.805 [AWT-EventQueue-0] INFO  system - Connection created - ID: Game.Connection@3a254da0, From: B:1 -> To: D:1, Length: 53.15
2025-09-22 16:26:35.149 [AWT-EventQueue-0] INFO  system - Connection created - ID: Game.Connection@52183936, From: D:0 -> To: C:0, Length: 61.03
2025-09-22 16:26:37.883 [AWT-EventQueue-0] INFO  system - Connection created - ID: Game.Connection@c403b1e, From: D:1 -> To: C:1, Length: 61.03
2025-09-22 16:30:13.616 [AWT-EventQueue-0] INFO  system - Connection created - ID: Game.Connection@78b09e37, From: A:0 -> To: B:0, Length: 43.42
2025-09-22 16:30:15.690 [AWT-EventQueue-0] INFO  system - Connection created - ID: Game.Connection@6ad79455, From: A:1 -> To: B:1, Length: 43.42
2025-09-22 16:30:21.914 [AWT-EventQueue-0] INFO  system - Connection created - ID: Game.Connection@1e9ba1f2, From: B:0 -> To: D:0, Length: 47.01
2025-09-22 16:30:24.657 [AWT-EventQueue-0] INFO  system - Connection created - ID: Game.Connection@ae07cbf, From: B:1 -> To: D:1, Length: 47.01
2025-09-22 16:30:29.348 [AWT-EventQueue-0] INFO  system - Connection created - ID: Game.Connection@3378f5de, From: D:0 -> To: C:0, Length: 37.00
2025-09-22 16:30:32.178 [AWT-EventQueue-0] INFO  system - Connection created - ID: Game.Connection@1873f843, From: D:1 -> To: C:1, Length: 37.00
2025-09-22 16:34:21.495 [AWT-EventQueue-0] INFO  system - Connection created - ID: Game.Connection@2c599c25, From: A:0 -> To: B:0, Length: 330.00
2025-09-22 16:34:27.387 [AWT-EventQueue-0] INFO  system - Connection created - ID: Game.Connection@2c9444d9, From: B:0 -> To: D:0, Length: 37.00
2025-09-22 16:34:31.432 [AWT-EventQueue-0] INFO  system - Connection created - ID: Game.Connection@638852f3, From: D:0 -> To: C:0, Length: 46.10
2025-09-22 16:34:34.253 [AWT-EventQueue-0] INFO  system - Connection created - ID: Game.Connection@70ec5cc3, From: A:1 -> To: B:1, Length: 47.85
2025-09-22 16:34:36.778 [AWT-EventQueue-0] INFO  system - Connection created - ID: Game.Connection@3ad878ae, From: B:1 -> To: D:1, Length: 37.00
2025-09-22 16:34:41.140 [AWT-EventQueue-0] INFO  system - Connection created - ID: Game.Connection@49966125, From: D:1 -> To: C:1, Length: 46.10
2025-09-22 16:40:07.379 [AWT-EventQueue-0] INFO  system - Connection created - ID: Game.Connection@35674fdc, From: A:0 -> To: B:0, Length: 330.00
2025-09-22 16:40:12.258 [AWT-EventQueue-0] INFO  system - Connection created - ID: Game.Connection@62c2f951, From: B:0 -> To: D:0, Length: 44.91
2025-09-22 16:40:17.921 [AWT-EventQueue-0] INFO  system - Connection created - ID: Game.Connection@581e735d, From: D:0 -> To: C:0, Length: 51.35
2025-09-22 16:40:20.936 [AWT-EventQueue-0] INFO  system - Connection created - ID: Game.Connection@7bb4562d, From: A:1 -> To: B:1, Length: 63.07
2025-09-22 16:40:23.652 [AWT-EventQueue-0] INFO  system - Connection created - ID: Game.Connection@b2be52, From: B:1 -> To: D:1, Length: 68.07
2025-09-22 16:40:25.933 [AWT-EventQueue-0] INFO  system - Connection created - ID: Game.Connection@61d23164, From: D:1 -> To: C:1, Length: 51.35
2025-09-22 16:42:13.249 [AWT-EventQueue-0] INFO  system - Connection created - ID: Game.Connection@5853f7ee, From: A:0 -> To: B:0, Length: 330.00
2025-09-22 16:42:19.618 [AWT-EventQueue-0] INFO  system - Connection created - ID: Game.Connection@622cbad2, From: A:1 -> To: B:1, Length: 90.01
2025-09-22 16:42:24.648 [AWT-EventQueue-0] INFO  system - Connection created - ID: Game.Connection@7b41727d, From: B:0 -> To: D:0, Length: 45.01
2025-09-22 16:42:27.917 [AWT-EventQueue-0] INFO  system - Connection created - ID: Game.Connection@2e48f1df, From: B:1 -> To: D:1, Length: 45.01
2025-09-22 16:42:33.270 [AWT-EventQueue-0] INFO  system - Connection created - ID: Game.Connection@bdc52d1, From: D:0 -> To: C:0, Length: 58.03
2025-09-22 16:42:36.468 [AWT-EventQueue-0] INFO  system - Connection created - ID: Game.Connection@7768532e, From: D:1 -> To: C:1, Length: 58.03
2025-09-23 08:10:45.806 [AWT-EventQueue-0] INFO  system - Connection created - ID: Game.Connection@eb11fe6, From: B:0 -> To: D:0, Length: 48.30
2025-09-23 08:10:53.021 [AWT-EventQueue-0] INFO  system - Connection created - ID: Game.Connection@a01c58b, From: D:0 -> To: C:0, Length: 62.65
2025-09-23 08:10:55.403 [AWT-EventQueue-0] INFO  system - Connection created - ID: Game.Connection@6810666b, From: D:1 -> To: C:1, Length: 62.65
2025-09-23 08:10:57.726 [AWT-EventQueue-0] INFO  system - Connection created - ID: Game.Connection@53e96ffb, From: B:1 -> To: D:1, Length: 48.30
2025-09-23 08:11:07.793 [AWT-EventQueue-0] INFO  system - Connection created - ID: Game.Connection@5e92145e, From: B:0 -> To: C:0, Length: 35.69
2025-09-23 08:11:10.464 [AWT-EventQueue-0] INFO  system - Connection created - ID: Game.Connection@46209673, From: B:1 -> To: C:1, Length: 35.69
2025-09-23 08:11:13.848 [AWT-EventQueue-0] INFO  system - Connection created - ID: Game.Connection@61d0073a, From: D:0 -> To: B:0, Length: 65.49
2025-09-23 08:11:16.250 [AWT-EventQueue-0] INFO  system - Connection created - ID: Game.Connection@22d5fef0, From: D:1 -> To: B:1, Length: 65.49
2025-09-23 08:19:53.026 [AWT-EventQueue-0] INFO  system - Connection created - ID: Game.Connection@750bc877, From: A:0 -> To: B:0, Length: 46.27
2025-09-23 08:19:57.112 [AWT-EventQueue-0] INFO  system - Connection created - ID: Game.Connection@586c1770, From: B:0 -> To: D:0, Length: 49.50
2025-09-23 08:19:59.146 [AWT-EventQueue-0] INFO  system - Connection created - ID: Game.Connection@66a983b7, From: B:1 -> To: D:1, Length: 49.50
2025-09-23 08:20:01.320 [AWT-EventQueue-0] INFO  system - Connection created - ID: Game.Connection@3e990029, From: A:1 -> To: B:1, Length: 46.27
2025-09-23 08:20:04.547 [AWT-EventQueue-0] INFO  system - Connection created - ID: Game.Connection@56bfd1c6, From: D:0 -> To: C:0, Length: 60.02
2025-09-23 08:20:07.212 [AWT-EventQueue-0] INFO  system - Connection created - ID: Game.Connection@723d15b6, From: D:1 -> To: C:1, Length: 60.02
2025-09-23 08:20:18.485 [AWT-EventQueue-0] INFO  system - Connection created - ID: Game.Connection@3edf44bc, From: A:0 -> To: B:0, Length: 63.39
2025-09-23 08:20:21.772 [AWT-EventQueue-0] INFO  system - Connection created - ID: Game.Connection@6d1ea421, From: B:0 -> To: D:0, Length: 38.21
2025-09-23 08:25:27.861 [AWT-EventQueue-0] INFO  system - Connection created - ID: Game.Connection@5e76bb9d, From: A:0 -> To: B:0, Length: 57.22
2025-09-23 08:29:07.907 [AWT-EventQueue-0] INFO  system - Connection created - ID: Game.Connection@232e7b3, From: A:0 -> To: B:0, Length: 79.76
2025-09-23 08:29:11.556 [AWT-EventQueue-0] INFO  system - Connection created - ID: Game.Connection@3e8565bd, From: A:1 -> To: B:1, Length: 79.76
2025-09-23 08:29:22.458 [AWT-EventQueue-0] INFO  system - Connection created - ID: Game.Connection@44706aeb, From: D:0 -> To: C:0, Length: 64.03
2025-09-23 08:29:24.846 [AWT-EventQueue-0] INFO  system - Connection created - ID: Game.Connection@507aaacf, From: D:1 -> To: C:1, Length: 64.03
2025-09-23 08:29:27.536 [AWT-EventQueue-0] INFO  system - Connection created - ID: Game.Connection@7f92c3ea, From: B:0 -> To: D:0, Length: 50.01
2025-09-23 08:29:30.127 [AWT-EventQueue-0] INFO  system - Connection created - ID: Game.Connection@7dca06d, From: B:1 -> To: D:1, Length: 50.01
2025-09-23 08:32:01.098 [AWT-EventQueue-0] INFO  system - Connection created - ID: Game.Connection@69171039, From: A:0 -> To: B:0, Length: 74.03
2025-09-23 08:32:03.566 [AWT-EventQueue-0] INFO  system - Connection created - ID: Game.Connection@327e7e1c, From: A:1 -> To: B:1, Length: 74.03
2025-09-23 08:32:06.937 [AWT-EventQueue-0] INFO  system - Connection created - ID: Game.Connection@53d6daca, From: B:0 -> To: D:0, Length: 52.35
2025-09-23 08:32:09.217 [AWT-EventQueue-0] INFO  system - Connection created - ID: Game.Connection@543c4764, From: B:1 -> To: D:1, Length: 52.35
2025-09-23 08:32:12.703 [AWT-EventQueue-0] INFO  system - Connection created - ID: Game.Connection@155b168a, From: D:0 -> To: C:0, Length: 62.13
2025-09-23 08:32:15.228 [AWT-EventQueue-0] INFO  system - Connection created - ID: Game.Connection@75da7607, From: D:1 -> To: C:1, Length: 62.13
