2025-09-22 14:17:14.295 [AWT-EventQueue-0] INFO  user - User action successful - Action: level_selection_open, Details: User opened level selection
2025-09-22 14:17:15.357 [AWT-EventQueue-0] INFO  user - User action successful - Action: level_start_request, Details: User requested to start level 1: Network Foundation
2025-09-22 14:17:18.460 [AWT-EventQueue-0] INFO  user - User action successful - Action: game_start, Details: New game session started
2025-09-22 14:17:20.482 [AWT-EventQueue-0] INFO  user - User action successful - Action: mouse_press, Details: Button: 1, Position: (496, 96)
2025-09-22 14:17:21.940 [AWT-EventQueue-0] INFO  user - User action successful - Action: mouse_release, Details: Button: 1, Position: (251, 92)
2025-09-22 14:17:24.170 [AWT-EventQueue-0] INFO  user - User action successful - Action: mouse_press, Details: Button: 1, Position: (138, 92)
2025-09-22 14:17:25.979 [AWT-EventQueue-0] INFO  user - User action successful - Action: mouse_release, Details: Button: 1, Position: (221, 87)
2025-09-22 14:17:32.415 [AWT-EventQueue-0] INFO  user - User action successful - Action: mouse_press, Details: Button: 1, Position: (135, 104)
2025-09-22 14:17:34.028 [AWT-EventQueue-0] INFO  user - User action successful - Action: mouse_release, Details: Button: 1, Position: (217, 105)
2025-09-22 14:17:46.106 [AWT-EventQueue-0] INFO  user - User action successful - Action: mouse_press, Details: Button: 1, Position: (493, 501)
2025-09-22 14:17:47.263 [AWT-EventQueue-0] INFO  user - User action successful - Action: mouse_release, Details: Button: 1, Position: (378, 96)
2025-09-22 14:17:49.255 [AWT-EventQueue-0] INFO  user - User action successful - Action: mouse_press, Details: Button: 1, Position: (290, 92)
2025-09-22 14:17:50.278 [AWT-EventQueue-0] INFO  user - User action successful - Action: mouse_release, Details: Button: 1, Position: (348, 87)
2025-09-22 14:17:52.943 [AWT-EventQueue-0] INFO  user - User action successful - Action: mouse_press, Details: Button: 1, Position: (289, 104)
2025-09-22 14:17:54.141 [AWT-EventQueue-0] INFO  user - User action successful - Action: mouse_release, Details: Button: 1, Position: (349, 102)
2025-09-22 14:17:57.460 [AWT-EventQueue-0] INFO  user - User action successful - Action: mouse_press, Details: Button: 1, Position: (109, 502)
2025-09-22 14:17:59.410 [AWT-EventQueue-0] INFO  user - User action successful - Action: mouse_release, Details: Button: 1, Position: (543, 105)
2025-09-22 14:18:01.646 [AWT-EventQueue-0] INFO  user - User action successful - Action: mouse_press, Details: Button: 1, Position: (421, 83)
2025-09-22 14:18:03.447 [AWT-EventQueue-0] INFO  user - User action successful - Action: mouse_release, Details: Button: 1, Position: (500, 92)
2025-09-22 14:18:17.779 [AWT-EventQueue-0] INFO  user - User action successful - Action: mouse_press, Details: Button: 1, Position: (419, 101)
2025-09-22 14:18:19.392 [AWT-EventQueue-0] INFO  user - User action successful - Action: mouse_release, Details: Button: 1, Position: (497, 111)
2025-09-22 14:20:30.511 [AWT-EventQueue-0] INFO  user - User action successful - Action: level_selection_open, Details: User opened level selection
2025-09-22 14:20:42.733 [AWT-EventQueue-0] INFO  user - User action successful - Action: level_selection_open, Details: User opened level selection
2025-09-22 14:20:43.899 [AWT-EventQueue-0] INFO  user - User action successful - Action: level_start_request, Details: User requested to start level 1: Network Foundation
2025-09-22 14:20:45.441 [AWT-EventQueue-0] INFO  user - User action successful - Action: game_start, Details: New game session started
2025-09-22 14:20:47.688 [AWT-EventQueue-0] INFO  user - User action successful - Action: mouse_press, Details: Button: 1, Position: (507, 122)
2025-09-22 14:20:50.113 [AWT-EventQueue-0] INFO  user - User action successful - Action: mouse_release, Details: Button: 1, Position: (254, 122)
2025-09-22 14:20:52.218 [AWT-EventQueue-0] INFO  user - User action successful - Action: mouse_press, Details: Button: 1, Position: (136, 88)
2025-09-22 14:20:53.646 [AWT-EventQueue-0] INFO  user - User action successful - Action: mouse_release, Details: Button: 1, Position: (209, 92)
2025-09-22 14:20:57.483 [AWT-EventQueue-0] INFO  user - User action successful - Action: mouse_press, Details: Button: 1, Position: (136, 108)
2025-09-22 14:20:58.849 [AWT-EventQueue-0] INFO  user - User action successful - Action: mouse_release, Details: Button: 1, Position: (211, 108)
2025-09-22 14:21:02.209 [AWT-EventQueue-0] INFO  user - User action successful - Action: mouse_press, Details: Button: 1, Position: (482, 492)
2025-09-22 14:21:03.252 [AWT-EventQueue-0] INFO  user - User action successful - Action: mouse_release, Details: Button: 1, Position: (367, 111)
2025-09-22 14:21:05.377 [AWT-EventQueue-0] INFO  user - User action successful - Action: mouse_press, Details: Button: 1, Position: (287, 89)
2025-09-22 14:21:06.774 [AWT-EventQueue-0] INFO  user - User action successful - Action: mouse_release, Details: Button: 1, Position: (351, 108)
2025-09-22 14:21:09.563 [AWT-EventQueue-0] INFO  user - User action successful - Action: mouse_press, Details: Button: 1, Position: (276, 104)
2025-09-22 14:21:11.674 [AWT-EventQueue-0] INFO  user - User action successful - Action: mouse_release, Details: Button: 1, Position: (347, 122)
2025-09-22 14:21:14.740 [AWT-EventQueue-0] INFO  user - User action successful - Action: mouse_press, Details: Button: 1, Position: (112, 488)
2025-09-22 14:21:16.730 [AWT-EventQueue-0] INFO  user - User action successful - Action: mouse_release, Details: Button: 1, Position: (532, 109)
2025-09-22 14:21:19.382 [AWT-EventQueue-0] INFO  user - User action successful - Action: mouse_press, Details: Button: 1, Position: (419, 110)
2025-09-22 14:21:20.322 [AWT-EventQueue-0] INFO  user - User action successful - Action: mouse_release, Details: Button: 1, Position: (482, 112)
2025-09-22 14:21:32.447 [AWT-EventQueue-0] INFO  user - User action successful - Action: mouse_press, Details: Button: 1, Position: (422, 126)
2025-09-22 14:21:33.729 [AWT-EventQueue-0] INFO  user - User action successful - Action: mouse_release, Details: Button: 1, Position: (486, 128)
2025-09-22 14:29:48.826 [AWT-EventQueue-0] INFO  user - User action successful - Action: level_selection_open, Details: User opened level selection
2025-09-22 14:29:51.131 [AWT-EventQueue-0] INFO  user - User action successful - Action: level_start_request, Details: User requested to start level 1: Network Foundation
2025-09-22 14:29:53.430 [AWT-EventQueue-0] INFO  user - User action successful - Action: game_start, Details: New game session started
2025-09-22 14:29:57.067 [AWT-EventQueue-0] INFO  user - User action successful - Action: mouse_press, Details: Button: 1, Position: (513, 132)
2025-09-22 14:29:57.824 [AWT-EventQueue-0] INFO  user - User action successful - Action: mouse_release, Details: Button: 1, Position: (510, 123)
2025-09-22 14:29:58.027 [AWT-EventQueue-0] INFO  user - User action successful - Action: mouse_press, Details: Button: 1, Position: (510, 123)
2025-09-22 14:29:59.253 [AWT-EventQueue-0] INFO  user - User action successful - Action: mouse_release, Details: Button: 1, Position: (253, 115)
2025-09-22 14:30:01.167 [AWT-EventQueue-0] INFO  user - User action successful - Action: mouse_press, Details: Button: 1, Position: (140, 92)
2025-09-22 14:30:02.592 [AWT-EventQueue-0] INFO  user - User action successful - Action: mouse_release, Details: Button: 1, Position: (207, 88)
2025-09-22 14:30:05.333 [AWT-EventQueue-0] INFO  user - User action successful - Action: mouse_press, Details: Button: 1, Position: (136, 108)
2025-09-22 14:30:07.435 [AWT-EventQueue-0] INFO  user - User action successful - Action: mouse_release, Details: Button: 1, Position: (211, 96)
2025-09-22 14:30:11.046 [AWT-EventQueue-0] INFO  user - User action successful - Action: mouse_press, Details: Button: 1, Position: (497, 515)
2025-09-22 14:30:13.247 [AWT-EventQueue-0] INFO  user - User action successful - Action: mouse_release, Details: Button: 1, Position: (383, 99)
2025-09-22 14:30:15.055 [AWT-EventQueue-0] INFO  user - User action successful - Action: mouse_press, Details: Button: 1, Position: (277, 80)
2025-09-22 14:30:16.584 [AWT-EventQueue-0] INFO  user - User action successful - Action: mouse_release, Details: Button: 1, Position: (351, 76)
2025-09-22 14:30:19.277 [AWT-EventQueue-0] INFO  user - User action successful - Action: mouse_press, Details: Button: 1, Position: (279, 94)
2025-09-22 14:30:20.328 [AWT-EventQueue-0] INFO  user - User action successful - Action: mouse_release, Details: Button: 1, Position: (353, 92)
2025-09-22 14:30:23.469 [AWT-EventQueue-0] INFO  user - User action successful - Action: mouse_press, Details: Button: 1, Position: (107, 488)
2025-09-22 14:30:24.393 [AWT-EventQueue-0] INFO  user - User action successful - Action: mouse_release, Details: Button: 1, Position: (538, 25)
2025-09-22 14:30:25.194 [AWT-EventQueue-0] INFO  user - User action successful - Action: mouse_press, Details: Button: 1, Position: (538, 25)
2025-09-22 14:30:25.837 [AWT-EventQueue-0] INFO  user - User action successful - Action: mouse_release, Details: Button: 1, Position: (538, 51)
2025-09-22 14:30:27.809 [AWT-EventQueue-0] INFO  user - User action successful - Action: mouse_press, Details: Button: 1, Position: (426, 77)
2025-09-22 14:30:29.105 [AWT-EventQueue-0] INFO  user - User action successful - Action: mouse_release, Details: Button: 1, Position: (491, 53)
2025-09-22 14:30:31.545 [AWT-EventQueue-0] INFO  user - User action successful - Action: mouse_press, Details: Button: 1, Position: (423, 94)
2025-09-22 14:30:32.954 [AWT-EventQueue-0] INFO  user - User action successful - Action: mouse_release, Details: Button: 1, Position: (493, 68)
2025-09-22 14:34:58.879 [AWT-EventQueue-0] INFO  user - User action successful - Action: level_selection_open, Details: User opened level selection
2025-09-22 14:35:00.805 [AWT-EventQueue-0] INFO  user - User action successful - Action: level_start_request, Details: User requested to start level 1: Network Foundation
2025-09-22 14:35:03.551 [AWT-EventQueue-0] INFO  user - User action successful - Action: game_start, Details: New game session started
2025-09-22 14:35:06.704 [AWT-EventQueue-0] INFO  user - User action successful - Action: mouse_press, Details: Button: 1, Position: (483, 109)
2025-09-22 14:35:09.402 [AWT-EventQueue-0] INFO  user - User action successful - Action: mouse_release, Details: Button: 1, Position: (230, 106)
2025-09-22 14:35:13.155 [AWT-EventQueue-0] INFO  user - User action successful - Action: mouse_press, Details: Button: 1, Position: (134, 98)
2025-09-22 14:35:14.291 [AWT-EventQueue-0] INFO  user - User action successful - Action: mouse_release, Details: Button: 1, Position: (214, 86)
2025-09-22 14:35:17.362 [AWT-EventQueue-0] INFO  user - User action successful - Action: mouse_press, Details: Button: 1, Position: (134, 111)
2025-09-22 14:35:18.869 [AWT-EventQueue-0] INFO  user - User action successful - Action: mouse_release, Details: Button: 1, Position: (211, 99)
2025-09-22 14:35:22.452 [AWT-EventQueue-0] INFO  user - User action successful - Action: mouse_press, Details: Button: 1, Position: (511, 479)
2025-09-22 14:35:23.560 [AWT-EventQueue-0] INFO  user - User action successful - Action: mouse_release, Details: Button: 1, Position: (406, 26)
2025-09-22 14:35:24.297 [AWT-EventQueue-0] INFO  user - User action successful - Action: mouse_press, Details: Button: 1, Position: (406, 26)
2025-09-22 14:35:25.461 [AWT-EventQueue-0] INFO  user - User action successful - Action: mouse_release, Details: Button: 1, Position: (379, 78)
2025-09-22 14:35:29.045 [AWT-EventQueue-0] INFO  user - User action successful - Action: mouse_press, Details: Button: 1, Position: (275, 89)
2025-09-22 14:35:29.929 [AWT-EventQueue-0] INFO  user - User action successful - Action: mouse_release, Details: Button: 1, Position: (333, 89)
2025-09-22 14:35:32.432 [AWT-EventQueue-0] INFO  user - User action successful - Action: mouse_press, Details: Button: 1, Position: (285, 102)
2025-09-22 14:35:34.873 [AWT-EventQueue-0] INFO  user - User action successful - Action: mouse_release, Details: Button: 1, Position: (335, 104)
2025-09-22 14:35:37.489 [AWT-EventQueue-0] INFO  user - User action successful - Action: mouse_press, Details: Button: 1, Position: (91, 480)
2025-09-22 14:35:39.936 [AWT-EventQueue-0] INFO  user - User action successful - Action: mouse_release, Details: Button: 1, Position: (489, 76)
2025-09-22 14:35:42.321 [AWT-EventQueue-0] INFO  user - User action successful - Action: mouse_press, Details: Button: 1, Position: (403, 91)
2025-09-22 14:35:43.689 [AWT-EventQueue-0] INFO  user - User action successful - Action: mouse_release, Details: Button: 1, Position: (464, 85)
2025-09-22 14:35:46.762 [AWT-EventQueue-0] INFO  user - User action successful - Action: mouse_press, Details: Button: 1, Position: (403, 104)
2025-09-22 14:35:48.411 [AWT-EventQueue-0] INFO  user - User action successful - Action: mouse_release, Details: Button: 1, Position: (469, 103)
2025-09-22 14:38:10.146 [AWT-EventQueue-0] INFO  user - User action successful - Action: level_selection_open, Details: User opened level selection
2025-09-22 14:38:13.594 [AWT-EventQueue-0] INFO  user - User action successful - Action: level_selection_back, Details: User returned to main menu
2025-09-22 14:38:17.940 [AWT-EventQueue-0] INFO  user - User action successful - Action: level_selection_open, Details: User opened level selection
2025-09-22 14:38:19.460 [AWT-EventQueue-0] INFO  user - User action successful - Action: level_start_request, Details: User requested to start level 1: Network Foundation
2025-09-22 14:38:21.186 [AWT-EventQueue-0] INFO  user - User action successful - Action: game_start, Details: New game session started
2025-09-22 14:38:23.187 [AWT-EventQueue-0] INFO  user - User action successful - Action: mouse_press, Details: Button: 1, Position: (510, 116)
2025-09-22 14:38:25.191 [AWT-EventQueue-0] INFO  user - User action successful - Action: mouse_release, Details: Button: 1, Position: (247, 112)
2025-09-22 14:38:27.861 [AWT-EventQueue-0] INFO  user - User action successful - Action: mouse_press, Details: Button: 1, Position: (135, 96)
2025-09-22 14:38:29.263 [AWT-EventQueue-0] INFO  user - User action successful - Action: mouse_release, Details: Button: 1, Position: (206, 88)
2025-09-22 14:38:33.315 [AWT-EventQueue-0] INFO  user - User action successful - Action: mouse_press, Details: Button: 1, Position: (137, 104)
2025-09-22 14:38:35.292 [AWT-EventQueue-0] INFO  user - User action successful - Action: mouse_release, Details: Button: 1, Position: (200, 104)
2025-09-22 14:38:38.361 [AWT-EventQueue-0] INFO  user - User action successful - Action: mouse_press, Details: Button: 1, Position: (495, 484)
2025-09-22 14:38:40.505 [AWT-EventQueue-0] INFO  user - User action successful - Action: mouse_release, Details: Button: 1, Position: (356, 89)
2025-09-22 14:38:41.965 [AWT-EventQueue-0] INFO  user - User action successful - Action: mouse_press, Details: Button: 1, Position: (274, 87)
2025-09-22 14:38:42.868 [AWT-EventQueue-0] INFO  user - User action successful - Action: mouse_release, Details: Button: 1, Position: (325, 93)
2025-09-22 14:38:45.456 [AWT-EventQueue-0] INFO  user - User action successful - Action: mouse_press, Details: Button: 1, Position: (275, 102)
2025-09-22 14:38:46.969 [AWT-EventQueue-0] INFO  user - User action successful - Action: mouse_release, Details: Button: 1, Position: (323, 112)
2025-09-22 14:38:49.759 [AWT-EventQueue-0] INFO  user - User action successful - Action: mouse_press, Details: Button: 1, Position: (111, 485)
2025-09-22 14:38:51.952 [AWT-EventQueue-0] INFO  user - User action successful - Action: mouse_release, Details: Button: 1, Position: (498, 88)
2025-09-22 14:38:53.741 [AWT-EventQueue-0] INFO  user - User action successful - Action: mouse_press, Details: Button: 1, Position: (395, 97)
2025-09-22 14:38:54.918 [AWT-EventQueue-0] INFO  user - User action successful - Action: mouse_release, Details: Button: 1, Position: (451, 95)
2025-09-22 14:38:58.172 [AWT-EventQueue-0] INFO  user - User action successful - Action: mouse_press, Details: Button: 1, Position: (403, 113)
2025-09-22 14:38:59.531 [AWT-EventQueue-0] INFO  user - User action successful - Action: mouse_release, Details: Button: 1, Position: (447, 109)
2025-09-22 14:42:39.358 [AWT-EventQueue-0] INFO  user - User action successful - Action: level_selection_open, Details: User opened level selection
2025-09-22 14:42:40.814 [AWT-EventQueue-0] INFO  user - User action successful - Action: level_start_request, Details: User requested to start level 1: Network Foundation
2025-09-22 14:42:42.239 [AWT-EventQueue-0] INFO  user - User action successful - Action: game_start, Details: New game session started
2025-09-22 14:42:43.951 [AWT-EventQueue-0] INFO  user - User action successful - Action: mouse_press, Details: Button: 1, Position: (490, 89)
2025-09-22 14:42:45.647 [AWT-EventQueue-0] INFO  user - User action successful - Action: mouse_release, Details: Button: 1, Position: (234, 86)
2025-09-22 14:42:48.472 [AWT-EventQueue-0] INFO  user - User action successful - Action: mouse_press, Details: Button: 1, Position: (135, 94)
2025-09-22 14:42:49.656 [AWT-EventQueue-0] INFO  user - User action successful - Action: mouse_release, Details: Button: 1, Position: (209, 88)
2025-09-22 14:42:51.443 [AWT-EventQueue-0] INFO  user - User action successful - Action: mouse_press, Details: Button: 1, Position: (135, 108)
2025-09-22 14:42:52.577 [AWT-EventQueue-0] INFO  user - User action successful - Action: mouse_release, Details: Button: 1, Position: (211, 103)
2025-09-22 14:42:55.297 [AWT-EventQueue-0] INFO  user - User action successful - Action: mouse_press, Details: Button: 1, Position: (494, 486)
2025-09-22 14:42:57.176 [AWT-EventQueue-0] INFO  user - User action successful - Action: mouse_release, Details: Button: 1, Position: (380, 82)
2025-09-22 14:42:59.117 [AWT-EventQueue-0] INFO  user - User action successful - Action: mouse_press, Details: Button: 1, Position: (280, 90)
2025-09-22 14:43:00.540 [AWT-EventQueue-0] INFO  user - User action successful - Action: mouse_release, Details: Button: 1, Position: (351, 92)
2025-09-22 14:43:02.805 [AWT-EventQueue-0] INFO  user - User action successful - Action: mouse_press, Details: Button: 1, Position: (280, 103)
2025-09-22 14:43:04.171 [AWT-EventQueue-0] INFO  user - User action successful - Action: mouse_release, Details: Button: 1, Position: (350, 102)
2025-09-22 14:43:06.814 [AWT-EventQueue-0] INFO  user - User action successful - Action: mouse_press, Details: Button: 1, Position: (99, 481)
2025-09-22 14:43:09.575 [AWT-EventQueue-0] INFO  user - User action successful - Action: mouse_release, Details: Button: 1, Position: (529, 74)
2025-09-22 14:43:11.160 [AWT-EventQueue-0] INFO  user - User action successful - Action: mouse_press, Details: Button: 1, Position: (425, 90)
2025-09-22 14:43:12.281 [AWT-EventQueue-0] INFO  user - User action successful - Action: mouse_release, Details: Button: 1, Position: (494, 87)
2025-09-22 14:43:15.234 [AWT-EventQueue-0] INFO  user - User action successful - Action: mouse_press, Details: Button: 1, Position: (423, 105)
2025-09-22 14:43:16.474 [AWT-EventQueue-0] INFO  user - User action successful - Action: mouse_release, Details: Button: 1, Position: (495, 100)
2025-09-22 14:47:26.890 [AWT-EventQueue-0] INFO  user - User action successful - Action: game_start, Details: New game session started
2025-09-22 14:47:39.029 [AWT-EventQueue-0] INFO  user - User action successful - Action: mouse_press, Details: Button: 1, Position: (495, 99)
2025-09-22 14:47:40.425 [AWT-EventQueue-0] INFO  user - User action successful - Action: mouse_release, Details: Button: 1, Position: (244, 96)
2025-09-22 14:47:44.244 [AWT-EventQueue-0] INFO  user - User action successful - Action: mouse_press, Details: Button: 1, Position: (138, 96)
2025-09-22 14:47:45.211 [AWT-EventQueue-0] INFO  user - User action successful - Action: mouse_release, Details: Button: 1, Position: (211, 88)
2025-09-22 14:47:49.017 [AWT-EventQueue-0] INFO  user - User action successful - Action: mouse_press, Details: Button: 1, Position: (138, 109)
2025-09-22 14:47:50.203 [AWT-EventQueue-0] INFO  user - User action successful - Action: mouse_release, Details: Button: 1, Position: (212, 104)
2025-09-22 14:47:52.767 [AWT-EventQueue-0] INFO  user - User action successful - Action: mouse_press, Details: Button: 1, Position: (499, 488)
2025-09-22 14:47:54.625 [AWT-EventQueue-0] INFO  user - User action successful - Action: mouse_release, Details: Button: 1, Position: (387, 91)
2025-09-22 14:47:56.174 [AWT-EventQueue-0] INFO  user - User action successful - Action: mouse_press, Details: Button: 1, Position: (287, 88)
2025-09-22 14:47:57.322 [AWT-EventQueue-0] INFO  user - User action successful - Action: mouse_release, Details: Button: 1, Position: (352, 94)
2025-09-22 14:48:02.579 [AWT-EventQueue-0] INFO  user - User action successful - Action: mouse_press, Details: Button: 1, Position: (287, 104)
2025-09-22 14:48:03.771 [AWT-EventQueue-0] INFO  user - User action successful - Action: mouse_release, Details: Button: 1, Position: (348, 112)
2025-09-22 14:48:06.505 [AWT-EventQueue-0] INFO  user - User action successful - Action: mouse_press, Details: Button: 1, Position: (106, 487)
2025-09-22 14:48:08.188 [AWT-EventQueue-0] INFO  user - User action successful - Action: mouse_release, Details: Button: 1, Position: (567, 98)
2025-09-22 14:48:10.270 [AWT-EventQueue-0] INFO  user - User action successful - Action: mouse_press, Details: Button: 1, Position: (426, 96)
2025-09-22 14:48:11.518 [AWT-EventQueue-0] INFO  user - User action successful - Action: mouse_release, Details: Button: 1, Position: (522, 104)
2025-09-22 14:48:14.805 [AWT-EventQueue-0] INFO  user - User action successful - Action: mouse_press, Details: Button: 1, Position: (424, 112)
2025-09-22 14:48:16.579 [AWT-EventQueue-0] INFO  user - User action successful - Action: mouse_release, Details: Button: 1, Position: (523, 116)
2025-09-22 14:50:11.393 [AWT-EventQueue-0] INFO  user - User action successful - Action: level_selection_open, Details: User opened level selection
2025-09-22 14:50:12.927 [AWT-EventQueue-0] INFO  user - User action successful - Action: level_start_request, Details: User requested to start level 1: Network Foundation
2025-09-22 14:50:14.694 [AWT-EventQueue-0] INFO  user - User action successful - Action: game_start, Details: New game session started
2025-09-22 14:50:16.873 [AWT-EventQueue-0] INFO  user - User action successful - Action: mouse_press, Details: Button: 1, Position: (515, 97)
2025-09-22 14:50:18.001 [AWT-EventQueue-0] INFO  user - User action successful - Action: mouse_release, Details: Button: 1, Position: (263, 95)
2025-09-22 14:50:19.067 [AWT-EventQueue-0] INFO  user - User action successful - Action: mouse_press, Details: Button: 1, Position: (135, 89)
2025-09-22 14:50:19.949 [AWT-EventQueue-0] INFO  user - User action successful - Action: mouse_release, Details: Button: 1, Position: (215, 90)
2025-09-22 14:50:22.122 [AWT-EventQueue-0] INFO  user - User action successful - Action: mouse_press, Details: Button: 1, Position: (136, 109)
2025-09-22 14:50:23.215 [AWT-EventQueue-0] INFO  user - User action successful - Action: mouse_release, Details: Button: 1, Position: (219, 104)
2025-09-22 14:50:25.927 [AWT-EventQueue-0] INFO  user - User action successful - Action: mouse_press, Details: Button: 1, Position: (507, 500)
2025-09-22 14:50:27.911 [AWT-EventQueue-0] INFO  user - User action successful - Action: mouse_release, Details: Button: 1, Position: (404, 100)
2025-09-22 14:50:29.615 [AWT-EventQueue-0] INFO  user - User action successful - Action: mouse_press, Details: Button: 1, Position: (285, 84)
2025-09-22 14:50:30.903 [AWT-EventQueue-0] INFO  user - User action successful - Action: mouse_release, Details: Button: 1, Position: (357, 90)
2025-09-22 14:50:32.951 [AWT-EventQueue-0] INFO  user - User action successful - Action: mouse_press, Details: Button: 1, Position: (285, 101)
2025-09-22 14:50:34.241 [AWT-EventQueue-0] INFO  user - User action successful - Action: mouse_release, Details: Button: 1, Position: (363, 111)
2025-09-22 14:50:37.102 [AWT-EventQueue-0] INFO  user - User action successful - Action: mouse_press, Details: Button: 1, Position: (87, 508)
2025-09-22 14:50:38.538 [AWT-EventQueue-0] INFO  user - User action successful - Action: mouse_release, Details: Button: 1, Position: (531, 109)
2025-09-22 14:50:40.439 [AWT-EventQueue-0] INFO  user - User action successful - Action: mouse_press, Details: Button: 1, Position: (433, 91)
2025-09-22 14:50:41.380 [AWT-EventQueue-0] INFO  user - User action successful - Action: mouse_release, Details: Button: 1, Position: (507, 91)
2025-09-22 14:50:43.874 [AWT-EventQueue-0] INFO  user - User action successful - Action: mouse_press, Details: Button: 1, Position: (434, 106)
2025-09-22 14:50:45.046 [AWT-EventQueue-0] INFO  user - User action successful - Action: mouse_release, Details: Button: 1, Position: (511, 110)
2025-09-22 14:53:59.496 [AWT-EventQueue-0] INFO  user - User action successful - Action: game_start, Details: New game session started
2025-09-22 14:54:07.566 [AWT-EventQueue-0] INFO  user - User action successful - Action: mouse_press, Details: Button: 1, Position: (519, 96)
2025-09-22 14:54:08.659 [AWT-EventQueue-0] INFO  user - User action successful - Action: mouse_release, Details: Button: 1, Position: (251, 108)
2025-09-22 14:54:12.843 [AWT-EventQueue-0] INFO  user - User action successful - Action: mouse_press, Details: Button: 1, Position: (136, 89)
2025-09-22 14:54:14.770 [AWT-EventQueue-0] INFO  user - User action successful - Action: mouse_release, Details: Button: 1, Position: (195, 107)
2025-09-22 14:54:17.679 [AWT-EventQueue-0] INFO  user - User action successful - Action: mouse_press, Details: Button: 1, Position: (135, 108)
2025-09-22 14:54:18.904 [AWT-EventQueue-0] INFO  user - User action successful - Action: mouse_release, Details: Button: 1, Position: (194, 120)
2025-09-22 14:54:21.701 [AWT-EventQueue-0] INFO  user - User action successful - Action: mouse_press, Details: Button: 1, Position: (495, 489)
2025-09-22 14:54:23.397 [AWT-EventQueue-0] INFO  user - User action successful - Action: mouse_release, Details: Button: 1, Position: (367, 104)
2025-09-22 14:54:24.567 [AWT-EventQueue-0] INFO  user - User action successful - Action: mouse_press, Details: Button: 1, Position: (267, 105)
2025-09-22 14:54:25.850 [AWT-EventQueue-0] INFO  user - User action successful - Action: mouse_release, Details: Button: 1, Position: (334, 108)
2025-09-22 14:54:28.008 [AWT-EventQueue-0] INFO  user - User action successful - Action: mouse_press, Details: Button: 1, Position: (270, 124)
2025-09-22 14:54:29.578 [AWT-EventQueue-0] INFO  user - User action successful - Action: mouse_release, Details: Button: 1, Position: (335, 123)
2025-09-22 14:54:32.444 [AWT-EventQueue-0] INFO  user - User action successful - Action: mouse_press, Details: Button: 1, Position: (102, 500)
2025-09-22 14:54:34.590 [AWT-EventQueue-0] INFO  user - User action successful - Action: mouse_release, Details: Button: 1, Position: (503, 116)
2025-09-22 14:54:36.404 [AWT-EventQueue-0] INFO  user - User action successful - Action: mouse_press, Details: Button: 1, Position: (409, 108)
2025-09-22 14:54:37.455 [AWT-EventQueue-0] INFO  user - User action successful - Action: mouse_release, Details: Button: 1, Position: (465, 109)
2025-09-22 14:54:40.770 [AWT-EventQueue-0] INFO  user - User action successful - Action: mouse_press, Details: Button: 1, Position: (410, 122)
2025-09-22 14:54:42.185 [AWT-EventQueue-0] INFO  user - User action successful - Action: mouse_release, Details: Button: 1, Position: (466, 128)
2025-09-22 15:00:38.628 [AWT-EventQueue-0] INFO  user - User action successful - Action: level_selection_open, Details: User opened level selection
2025-09-22 15:00:39.948 [AWT-EventQueue-0] INFO  user - User action successful - Action: level_start_request, Details: User requested to start level 1: Network Foundation
2025-09-22 15:00:41.139 [AWT-EventQueue-0] INFO  user - User action successful - Action: game_start, Details: New game session started
2025-09-22 15:00:45.914 [AWT-EventQueue-0] INFO  user - User action successful - Action: mouse_press, Details: Button: 1, Position: (486, 116)
2025-09-22 15:00:47.252 [AWT-EventQueue-0] INFO  user - User action successful - Action: mouse_release, Details: Button: 1, Position: (217, 116)
2025-09-22 15:00:48.795 [AWT-EventQueue-0] INFO  user - User action successful - Action: mouse_press, Details: Button: 1, Position: (137, 90)
2025-09-22 15:00:49.677 [AWT-EventQueue-0] INFO  user - User action successful - Action: mouse_release, Details: Button: 1, Position: (199, 94)
2025-09-22 15:00:52.326 [AWT-EventQueue-0] INFO  user - User action successful - Action: mouse_press, Details: Button: 1, Position: (135, 107)
2025-09-22 15:00:53.454 [AWT-EventQueue-0] INFO  user - User action successful - Action: mouse_release, Details: Button: 1, Position: (199, 109)
2025-09-22 15:00:56.054 [AWT-EventQueue-0] INFO  user - User action successful - Action: mouse_press, Details: Button: 1, Position: (514, 504)
2025-09-22 15:00:57.883 [AWT-EventQueue-0] INFO  user - User action successful - Action: mouse_release, Details: Button: 1, Position: (365, 104)
2025-09-22 15:00:59.310 [AWT-EventQueue-0] INFO  user - User action successful - Action: mouse_press, Details: Button: 1, Position: (263, 92)
2025-09-22 15:01:02.052 [AWT-EventQueue-0] INFO  user - User action successful - Action: mouse_release, Details: Button: 1, Position: (318, 92)
2025-09-22 15:01:04.346 [AWT-EventQueue-0] INFO  user - User action successful - Action: mouse_press, Details: Button: 1, Position: (264, 103)
2025-09-22 15:01:06.111 [AWT-EventQueue-0] INFO  user - User action successful - Action: mouse_release, Details: Button: 1, Position: (314, 108)
2025-09-22 15:01:08.774 [AWT-EventQueue-0] INFO  user - User action successful - Action: mouse_press, Details: Button: 1, Position: (104, 486)
2025-09-22 15:01:11.164 [AWT-EventQueue-0] INFO  user - User action successful - Action: mouse_release, Details: Button: 1, Position: (476, 87)
2025-09-22 15:01:12.621 [AWT-EventQueue-0] INFO  user - User action successful - Action: mouse_press, Details: Button: 1, Position: (383, 94)
2025-09-22 15:01:14.562 [AWT-EventQueue-0] INFO  user - User action successful - Action: mouse_release, Details: Button: 1, Position: (436, 92)
2025-09-22 15:01:17.192 [AWT-EventQueue-0] INFO  user - User action successful - Action: mouse_press, Details: Button: 1, Position: (384, 107)
2025-09-22 15:01:18.228 [AWT-EventQueue-0] INFO  user - User action successful - Action: mouse_release, Details: Button: 1, Position: (439, 110)
2025-09-22 15:01:19.778 [AWT-EventQueue-0] INFO  user - User action successful - Action: mouse_press, Details: Button: 1, Position: (465, 103)
2025-09-22 15:01:21.214 [AWT-EventQueue-0] INFO  user - User action successful - Action: mouse_release, Details: Button: 1, Position: (466, 104)
2025-09-22 15:01:21.880 [AWT-EventQueue-0] INFO  user - User action successful - Action: mouse_press, Details: Button: 1, Position: (466, 104)
2025-09-22 15:01:25.832 [AWT-EventQueue-0] INFO  user - User action successful - Action: mouse_release, Details: Button: 1, Position: (467, 102)
2025-09-22 15:07:46.639 [AWT-EventQueue-0] INFO  user - User action successful - Action: level_selection_open, Details: User opened level selection
2025-09-22 15:07:47.481 [AWT-EventQueue-0] INFO  user - User action successful - Action: level_start_request, Details: User requested to start level 1: Network Foundation
2025-09-22 15:07:48.830 [AWT-EventQueue-0] INFO  user - User action successful - Action: game_start, Details: New game session started
2025-09-22 15:07:52.876 [AWT-EventQueue-0] INFO  user - User action successful - Action: mouse_press, Details: Button: 1, Position: (496, 84)
2025-09-22 15:07:54.542 [AWT-EventQueue-0] INFO  user - User action successful - Action: mouse_release, Details: Button: 1, Position: (194, 84)
2025-09-22 15:07:56.559 [AWT-EventQueue-0] INFO  user - User action successful - Action: mouse_press, Details: Button: 1, Position: (140, 88)
2025-09-22 15:07:57.526 [AWT-EventQueue-0] INFO  user - User action successful - Action: mouse_release, Details: Button: 1, Position: (164, 91)
2025-09-22 15:07:59.966 [AWT-EventQueue-0] INFO  user - User action successful - Action: mouse_press, Details: Button: 1, Position: (139, 108)
2025-09-22 15:08:01.022 [AWT-EventQueue-0] INFO  user - User action successful - Action: mouse_release, Details: Button: 1, Position: (160, 108)
2025-09-22 15:08:03.566 [AWT-EventQueue-0] INFO  user - User action successful - Action: mouse_press, Details: Button: 1, Position: (513, 495)
2025-09-22 15:08:07.062 [AWT-EventQueue-0] INFO  user - User action successful - Action: mouse_release, Details: Button: 1, Position: (301, 100)
2025-09-22 15:08:08.478 [AWT-EventQueue-0] INFO  user - User action successful - Action: mouse_press, Details: Button: 1, Position: (237, 94)
2025-09-22 15:08:09.164 [AWT-EventQueue-0] INFO  user - User action successful - Action: mouse_release, Details: Button: 1, Position: (252, 96)
2025-09-22 15:08:11.799 [AWT-EventQueue-0] INFO  user - User action successful - Action: mouse_press, Details: Button: 1, Position: (235, 107)
2025-09-22 15:08:12.402 [AWT-EventQueue-0] INFO  user - User action successful - Action: mouse_release, Details: Button: 1, Position: (254, 109)
2025-09-22 15:08:14.547 [AWT-EventQueue-0] INFO  user - User action successful - Action: mouse_press, Details: Button: 1, Position: (103, 492)
2025-09-22 15:08:16.046 [AWT-EventQueue-0] INFO  user - User action successful - Action: mouse_release, Details: Button: 1, Position: (388, 90)
2025-09-22 15:08:17.335 [AWT-EventQueue-0] INFO  user - User action successful - Action: mouse_press, Details: Button: 1, Position: (323, 101)
2025-09-22 15:08:18.169 [AWT-EventQueue-0] INFO  user - User action successful - Action: mouse_release, Details: Button: 1, Position: (347, 92)
2025-09-22 15:08:20.118 [AWT-EventQueue-0] INFO  user - User action successful - Action: mouse_press, Details: Button: 1, Position: (325, 112)
2025-09-22 15:08:21.125 [AWT-EventQueue-0] INFO  user - User action successful - Action: mouse_release, Details: Button: 1, Position: (351, 102)
2025-09-22 15:18:10.891 [AWT-EventQueue-0] INFO  user - User action successful - Action: level_selection_open, Details: User opened level selection
2025-09-22 15:18:11.783 [AWT-EventQueue-0] INFO  user - User action successful - Action: level_start_request, Details: User requested to start level 1: Network Foundation
2025-09-22 15:18:13.166 [AWT-EventQueue-0] INFO  user - User action successful - Action: game_start, Details: New game session started
2025-09-22 15:18:29.492 [AWT-EventQueue-0] INFO  user - User action successful - Action: mouse_press, Details: Button: 1, Position: (136, 86)
2025-09-22 15:18:31.179 [AWT-EventQueue-0] INFO  user - User action successful - Action: mouse_release, Details: Button: 1, Position: (462, 89)
2025-09-22 15:18:33.896 [AWT-EventQueue-0] INFO  user - User action successful - Action: mouse_press, Details: Button: 1, Position: (134, 107)
2025-09-22 15:18:35.494 [AWT-EventQueue-0] INFO  user - User action successful - Action: mouse_release, Details: Button: 1, Position: (465, 109)
2025-09-22 15:18:37.750 [AWT-EventQueue-0] INFO  user - User action successful - Action: mouse_press, Details: Button: 1, Position: (493, 89)
2025-09-22 15:18:38.932 [AWT-EventQueue-0] INFO  user - User action successful - Action: mouse_release, Details: Button: 1, Position: (194, 160)
2025-09-22 15:18:40.138 [AWT-EventQueue-0] INFO  user - User action successful - Action: mouse_press, Details: Button: 1, Position: (501, 500)
2025-09-22 15:18:40.888 [AWT-EventQueue-0] INFO  user - User action successful - Action: mouse_release, Details: Button: 1, Position: (343, 125)
2025-09-22 15:18:42.485 [AWT-EventQueue-0] INFO  user - User action successful - Action: mouse_press, Details: Button: 1, Position: (237, 165)
2025-09-22 15:18:43.270 [AWT-EventQueue-0] INFO  user - User action successful - Action: mouse_release, Details: Button: 1, Position: (307, 114)
2025-09-22 15:18:45.343 [AWT-EventQueue-0] INFO  user - User action successful - Action: mouse_press, Details: Button: 1, Position: (236, 176)
2025-09-22 15:18:46.610 [AWT-EventQueue-0] INFO  user - User action successful - Action: mouse_release, Details: Button: 1, Position: (306, 132)
2025-09-22 15:18:49.336 [AWT-EventQueue-0] INFO  user - User action successful - Action: mouse_press, Details: Button: 1, Position: (115, 489)
2025-09-22 15:18:50.344 [AWT-EventQueue-0] INFO  user - User action successful - Action: mouse_release, Details: Button: 1, Position: (552, 165)
2025-09-22 15:18:51.746 [AWT-EventQueue-0] INFO  user - User action successful - Action: mouse_press, Details: Button: 1, Position: (378, 120)
2025-09-22 15:18:52.901 [AWT-EventQueue-0] INFO  user - User action successful - Action: mouse_release, Details: Button: 1, Position: (498, 169)
2025-09-22 15:18:55.592 [AWT-EventQueue-0] INFO  user - User action successful - Action: mouse_press, Details: Button: 1, Position: (381, 130)
2025-09-22 15:18:57.337 [AWT-EventQueue-0] INFO  user - User action successful - Action: mouse_release, Details: Button: 1, Position: (496, 182)
2025-09-22 15:44:19.702 [AWT-EventQueue-0] INFO  user - User action successful - Action: game_start, Details: New game session started
2025-09-22 15:44:21.575 [AWT-EventQueue-0] INFO  user - User action successful - Action: mouse_press, Details: Button: 1, Position: (136, 90)
2025-09-22 15:44:22.619 [AWT-EventQueue-0] INFO  user - User action successful - Action: mouse_release, Details: Button: 1, Position: (468, 89)
2025-09-22 15:44:24.288 [AWT-EventQueue-0] INFO  user - User action successful - Action: mouse_press, Details: Button: 1, Position: (484, 100)
2025-09-22 15:44:24.869 [AWT-EventQueue-0] INFO  user - User action successful - Action: mouse_release, Details: Button: 1, Position: (235, 97)
2025-09-22 15:44:26.321 [AWT-EventQueue-0] INFO  user - User action successful - Action: mouse_press, Details: Button: 1, Position: (498, 499)
2025-09-22 15:44:26.853 [AWT-EventQueue-0] INFO  user - User action successful - Action: mouse_release, Details: Button: 1, Position: (363, 68)
2025-09-22 15:44:27.849 [AWT-EventQueue-0] INFO  user - User action successful - Action: mouse_press, Details: Button: 1, Position: (461, 396)
2025-09-22 15:44:28.724 [AWT-EventQueue-0] INFO  user - User action successful - Action: mouse_release, Details: Button: 1, Position: (350, 119)
2025-09-22 15:44:29.489 [AWT-EventQueue-0] INFO  user - User action successful - Action: mouse_press, Details: Button: 1, Position: (356, 106)
2025-09-22 15:44:30.085 [AWT-EventQueue-0] INFO  user - User action successful - Action: mouse_release, Details: Button: 1, Position: (365, 102)
2025-09-22 15:44:30.884 [AWT-EventQueue-0] INFO  user - User action successful - Action: mouse_press, Details: Button: 1, Position: (287, 87)
2025-09-22 15:44:31.619 [AWT-EventQueue-0] INFO  user - User action successful - Action: mouse_release, Details: Button: 1, Position: (327, 89)
2025-09-22 15:44:33.352 [AWT-EventQueue-0] INFO  user - User action successful - Action: mouse_press, Details: Button: 1, Position: (284, 109)
2025-09-22 15:44:34.270 [AWT-EventQueue-0] INFO  user - User action successful - Action: mouse_release, Details: Button: 1, Position: (325, 108)
2025-09-22 15:44:36.654 [AWT-EventQueue-0] INFO  user - User action successful - Action: mouse_press, Details: Button: 1, Position: (102, 500)
2025-09-22 15:44:37.031 [AWT-EventQueue-0] INFO  user - User action successful - Action: mouse_release, Details: Button: 1, Position: (482, 84)
2025-09-22 15:44:37.060 [AWT-EventQueue-0] INFO  user - User action successful - Action: mouse_press, Details: Button: 1, Position: (482, 84)
2025-09-22 15:44:37.325 [AWT-EventQueue-0] INFO  user - User action successful - Action: mouse_release, Details: Button: 1, Position: (482, 84)
2025-09-22 15:44:38.028 [AWT-EventQueue-0] INFO  user - User action successful - Action: mouse_press, Details: Button: 1, Position: (396, 88)
2025-09-22 15:44:38.714 [AWT-EventQueue-0] INFO  user - User action successful - Action: mouse_release, Details: Button: 1, Position: (443, 76)
2025-09-22 15:44:40.775 [AWT-EventQueue-0] INFO  user - User action successful - Action: mouse_press, Details: Button: 1, Position: (398, 106)
2025-09-22 15:44:41.524 [AWT-EventQueue-0] INFO  user - User action successful - Action: mouse_release, Details: Button: 1, Position: (443, 90)
2025-09-22 15:44:43.264 [AWT-EventQueue-0] INFO  user - User action successful - Action: mouse_press, Details: Button: 1, Position: (140, 110)
2025-09-22 15:44:44.372 [AWT-EventQueue-0] INFO  user - User action successful - Action: mouse_release, Details: Button: 1, Position: (223, 104)
2025-09-22 15:58:26.820 [AWT-EventQueue-0] INFO  user - User action successful - Action: game_start, Details: New game session started
2025-09-22 15:58:28.020 [AWT-EventQueue-0] INFO  user - User action successful - Action: mouse_press, Details: Button: 1, Position: (138, 89)
2025-09-22 15:58:29.324 [AWT-EventQueue-0] INFO  user - User action successful - Action: mouse_release, Details: Button: 1, Position: (467, 93)
2025-09-22 15:58:30.986 [AWT-EventQueue-0] INFO  user - User action successful - Action: mouse_press, Details: Button: 1, Position: (495, 114)
2025-09-22 15:58:31.464 [AWT-EventQueue-0] INFO  user - User action successful - Action: mouse_release, Details: Button: 1, Position: (260, 108)
2025-09-22 15:58:32.915 [AWT-EventQueue-0] INFO  user - User action successful - Action: mouse_press, Details: Button: 1, Position: (491, 492)
2025-09-22 15:58:33.700 [AWT-EventQueue-0] INFO  user - User action successful - Action: mouse_release, Details: Button: 1, Position: (367, 80)
2025-09-22 15:58:34.437 [AWT-EventQueue-0] INFO  user - User action successful - Action: mouse_press, Details: Button: 1, Position: (295, 84)
2025-09-22 15:58:35.152 [AWT-EventQueue-0] INFO  user - User action successful - Action: mouse_release, Details: Button: 1, Position: (343, 75)
2025-09-22 15:58:37.031 [AWT-EventQueue-0] INFO  user - User action successful - Action: mouse_press, Details: Button: 1, Position: (299, 100)
2025-09-22 15:58:37.852 [AWT-EventQueue-0] INFO  user - User action successful - Action: mouse_release, Details: Button: 1, Position: (343, 96)
2025-09-22 15:58:39.317 [AWT-EventQueue-0] INFO  user - User action successful - Action: mouse_press, Details: Button: 1, Position: (94, 501)
2025-09-22 15:58:39.660 [AWT-EventQueue-0] INFO  user - User action successful - Action: mouse_release, Details: Button: 1, Position: (536, 131)
2025-09-22 15:58:39.717 [AWT-EventQueue-0] INFO  user - User action successful - Action: mouse_press, Details: Button: 1, Position: (536, 130)
2025-09-22 15:58:40.361 [AWT-EventQueue-0] INFO  user - User action successful - Action: mouse_release, Details: Button: 1, Position: (494, 92)
2025-09-22 15:58:41.106 [AWT-EventQueue-0] INFO  user - User action successful - Action: mouse_press, Details: Button: 1, Position: (412, 76)
2025-09-22 15:58:41.721 [AWT-EventQueue-0] INFO  user - User action successful - Action: mouse_release, Details: Button: 1, Position: (463, 84)
2025-09-22 15:58:43.335 [AWT-EventQueue-0] INFO  user - User action successful - Action: mouse_press, Details: Button: 1, Position: (415, 98)
2025-09-22 15:58:44.058 [AWT-EventQueue-0] INFO  user - User action successful - Action: mouse_release, Details: Button: 1, Position: (468, 100)
2025-09-22 15:58:46.210 [AWT-EventQueue-0] INFO  user - User action successful - Action: mouse_press, Details: Button: 1, Position: (139, 105)
2025-09-22 15:58:46.988 [AWT-EventQueue-0] INFO  user - User action successful - Action: mouse_release, Details: Button: 1, Position: (232, 100)
2025-09-22 16:24:39.194 [AWT-EventQueue-0] INFO  user - User action successful - Action: level_selection_open, Details: User opened level selection
2025-09-22 16:24:40.128 [AWT-EventQueue-0] INFO  user - User action successful - Action: level_start_request, Details: User requested to start level 1: Network Foundation
2025-09-22 16:24:41.380 [AWT-EventQueue-0] INFO  user - User action successful - Action: game_start, Details: New game session started
2025-09-22 16:24:44.406 [AWT-EventQueue-0] INFO  user - User action successful - Action: mouse_press, Details: Button: 1, Position: (509, 90)
2025-09-22 16:24:44.945 [AWT-EventQueue-0] INFO  user - User action successful - Action: mouse_release, Details: Button: 1, Position: (263, 89)
2025-09-22 16:24:45.738 [AWT-EventQueue-0] INFO  user - User action successful - Action: mouse_press, Details: Button: 1, Position: (135, 90)
2025-09-22 16:24:46.348 [AWT-EventQueue-0] INFO  user - User action successful - Action: mouse_release, Details: Button: 1, Position: (222, 93)
2025-09-22 16:24:47.850 [AWT-EventQueue-0] INFO  user - User action successful - Action: mouse_press, Details: Button: 1, Position: (133, 111)
2025-09-22 16:24:48.551 [AWT-EventQueue-0] INFO  user - User action successful - Action: mouse_release, Details: Button: 1, Position: (221, 108)
2025-09-22 16:24:50.430 [AWT-EventQueue-0] INFO  user - User action successful - Action: mouse_press, Details: Button: 1, Position: (491, 492)
2025-09-22 16:24:50.935 [AWT-EventQueue-0] INFO  user - User action successful - Action: mouse_release, Details: Button: 1, Position: (360, 124)
2025-09-22 16:24:50.977 [AWT-EventQueue-0] INFO  user - User action successful - Action: mouse_press, Details: Button: 1, Position: (360, 124)
2025-09-22 16:24:51.762 [AWT-EventQueue-0] INFO  user - User action successful - Action: mouse_release, Details: Button: 1, Position: (355, 93)
2025-09-22 16:24:52.548 [AWT-EventQueue-0] INFO  user - User action successful - Action: mouse_press, Details: Button: 1, Position: (289, 85)
2025-09-22 16:24:53.305 [AWT-EventQueue-0] INFO  user - User action successful - Action: mouse_release, Details: Button: 1, Position: (328, 96)
2025-09-22 16:24:55.045 [AWT-EventQueue-0] INFO  user - User action successful - Action: mouse_press, Details: Button: 1, Position: (287, 107)
2025-09-22 16:24:55.613 [AWT-EventQueue-0] INFO  user - User action successful - Action: mouse_release, Details: Button: 1, Position: (333, 111)
2025-09-22 16:24:57.072 [AWT-EventQueue-0] INFO  user - User action successful - Action: mouse_press, Details: Button: 3, Position: (101, 490)
2025-09-22 16:24:57.520 [AWT-EventQueue-0] INFO  user - User action successful - Action: mouse_release, Details: Button: 3, Position: (595, 66)
2025-09-22 16:24:58.461 [AWT-EventQueue-0] INFO  user - User action successful - Action: mouse_press, Details: Button: 1, Position: (85, 487)
2025-09-22 16:24:59.169 [AWT-EventQueue-0] INFO  user - User action successful - Action: mouse_release, Details: Button: 1, Position: (461, 99)
2025-09-22 16:24:59.773 [AWT-EventQueue-0] INFO  user - User action successful - Action: mouse_press, Details: Button: 1, Position: (399, 92)
2025-09-22 16:25:00.390 [AWT-EventQueue-0] INFO  user - User action successful - Action: mouse_release, Details: Button: 1, Position: (444, 107)
2025-09-22 16:25:02.116 [AWT-EventQueue-0] INFO  user - User action successful - Action: mouse_press, Details: Button: 1, Position: (475, 104)
2025-09-22 16:25:02.661 [AWT-EventQueue-0] INFO  user - User action successful - Action: mouse_release, Details: Button: 1, Position: (494, 90)
2025-09-22 16:25:03.798 [AWT-EventQueue-0] INFO  user - User action successful - Action: mouse_press, Details: Button: 1, Position: (397, 109)
2025-09-22 16:25:04.365 [AWT-EventQueue-0] INFO  user - User action successful - Action: mouse_release, Details: Button: 1, Position: (462, 103)
2025-09-22 16:25:51.953 [AWT-EventQueue-0] INFO  user - User action successful - Action: level_selection_open, Details: User opened level selection
2025-09-22 16:25:52.584 [AWT-EventQueue-0] INFO  user - User action successful - Action: level_start_request, Details: User requested to start level 1: Network Foundation
2025-09-22 16:25:55.222 [AWT-EventQueue-0] INFO  user - User action successful - Action: game_start, Details: New game session started
2025-09-22 16:26:14.850 [AWT-EventQueue-0] INFO  user - User action successful - Action: mouse_press, Details: Button: 1, Position: (136, 91)
2025-09-22 16:26:15.727 [AWT-EventQueue-0] INFO  user - User action successful - Action: mouse_release, Details: Button: 1, Position: (462, 92)
2025-09-22 16:26:17.221 [AWT-EventQueue-0] INFO  user - User action successful - Action: mouse_press, Details: Button: 1, Position: (501, 93)
2025-09-22 16:26:17.691 [AWT-EventQueue-0] INFO  user - User action successful - Action: mouse_release, Details: Button: 1, Position: (219, 96)
2025-09-22 16:26:18.491 [AWT-EventQueue-0] INFO  user - User action successful - Action: mouse_press, Details: Button: 1, Position: (138, 108)
2025-09-22 16:26:19.304 [AWT-EventQueue-0] INFO  user - User action successful - Action: mouse_release, Details: Button: 1, Position: (183, 110)
2025-09-22 16:26:21.191 [AWT-EventQueue-0] INFO  user - User action successful - Action: mouse_press, Details: Button: 1, Position: (511, 477)
2025-09-22 16:26:22.032 [AWT-EventQueue-0] INFO  user - User action successful - Action: mouse_release, Details: Button: 1, Position: (351, 69)
2025-09-22 16:26:22.630 [AWT-EventQueue-0] INFO  user - User action successful - Action: mouse_press, Details: Button: 1, Position: (251, 90)
2025-09-22 16:26:23.085 [AWT-EventQueue-0] INFO  user - User action successful - Action: mouse_release, Details: Button: 1, Position: (311, 80)
2025-09-22 16:26:25.414 [AWT-EventQueue-0] INFO  user - User action successful - Action: mouse_press, Details: Button: 1, Position: (253, 116)
2025-09-22 16:26:25.961 [AWT-EventQueue-0] INFO  user - User action successful - Action: mouse_release, Details: Button: 1, Position: (313, 100)
2025-09-22 16:26:27.701 [AWT-EventQueue-0] INFO  user - User action successful - Action: mouse_press, Details: Button: 1, Position: (257, 117)
2025-09-22 16:26:28.935 [AWT-EventQueue-0] INFO  user - User action successful - Action: mouse_release, Details: Button: 1, Position: (303, 100)
2025-09-22 16:26:30.849 [AWT-EventQueue-0] INFO  user - User action successful - Action: mouse_press, Details: Button: 1, Position: (102, 491)
2025-09-22 16:26:31.165 [AWT-EventQueue-0] INFO  user - User action successful - Action: mouse_release, Details: Button: 1, Position: (411, 109)
2025-09-22 16:26:31.944 [AWT-EventQueue-0] INFO  user - User action successful - Action: mouse_press, Details: Button: 1, Position: (414, 120)
2025-09-22 16:26:32.638 [AWT-EventQueue-0] INFO  user - User action successful - Action: mouse_release, Details: Button: 1, Position: (476, 92)
2025-09-22 16:26:33.382 [AWT-EventQueue-0] INFO  user - User action successful - Action: mouse_press, Details: Button: 1, Position: (376, 80)
2025-09-22 16:26:34.215 [AWT-EventQueue-0] INFO  user - User action successful - Action: mouse_release, Details: Button: 1, Position: (437, 81)
2025-09-22 16:26:36.254 [AWT-EventQueue-0] INFO  user - User action successful - Action: mouse_press, Details: Button: 1, Position: (373, 100)
2025-09-22 16:26:37.027 [AWT-EventQueue-0] INFO  user - User action successful - Action: mouse_release, Details: Button: 1, Position: (436, 100)
2025-09-22 16:30:05.086 [AWT-EventQueue-0] INFO  user - User action successful - Action: level_selection_open, Details: User opened level selection
2025-09-22 16:30:05.829 [AWT-EventQueue-0] INFO  user - User action successful - Action: level_start_request, Details: User requested to start level 1: Network Foundation
2025-09-22 16:30:06.851 [AWT-EventQueue-0] INFO  user - User action successful - Action: game_start, Details: New game session started
2025-09-22 16:30:10.318 [AWT-EventQueue-0] INFO  user - User action successful - Action: mouse_press, Details: Button: 1, Position: (124, 87)
2025-09-22 16:30:10.993 [AWT-EventQueue-0] INFO  user - User action successful - Action: mouse_release, Details: Button: 1, Position: (411, 93)
2025-09-22 16:30:11.693 [AWT-EventQueue-0] INFO  user - User action successful - Action: mouse_press, Details: Button: 1, Position: (421, 99)
2025-09-22 16:30:12.562 [AWT-EventQueue-0] INFO  user - User action successful - Action: mouse_release, Details: Button: 1, Position: (461, 90)
2025-09-22 16:30:14.323 [AWT-EventQueue-0] INFO  user - User action successful - Action: mouse_press, Details: Button: 1, Position: (423, 117)
2025-09-22 16:30:14.771 [AWT-EventQueue-0] INFO  user - User action successful - Action: mouse_release, Details: Button: 1, Position: (463, 109)
2025-09-22 16:30:16.223 [AWT-EventQueue-0] INFO  user - User action successful - Action: mouse_press, Details: Button: 1, Position: (503, 494)
2025-09-22 16:30:16.846 [AWT-EventQueue-0] INFO  user - User action successful - Action: mouse_release, Details: Button: 1, Position: (601, 106)
2025-09-22 16:30:17.422 [AWT-EventQueue-0] INFO  user - User action successful - Action: mouse_press, Details: Button: 1, Position: (535, 91)
2025-09-22 16:30:17.863 [AWT-EventQueue-0] INFO  user - User action successful - Action: mouse_release, Details: Button: 1, Position: (572, 107)
2025-09-22 16:30:19.392 [AWT-EventQueue-0] INFO  user - User action successful - Action: mouse_press, Details: Button: 1, Position: (588, 117)
2025-09-22 16:30:19.742 [AWT-EventQueue-0] INFO  user - User action successful - Action: mouse_release, Details: Button: 1, Position: (607, 104)
2025-09-22 16:30:20.507 [AWT-EventQueue-0] INFO  user - User action successful - Action: mouse_press, Details: Button: 1, Position: (535, 90)
2025-09-22 16:30:21.179 [AWT-EventQueue-0] INFO  user - User action successful - Action: mouse_release, Details: Button: 1, Position: (584, 87)
2025-09-22 16:30:23.016 [AWT-EventQueue-0] INFO  user - User action successful - Action: mouse_press, Details: Button: 1, Position: (538, 111)
2025-09-22 16:30:23.955 [AWT-EventQueue-0] INFO  user - User action successful - Action: mouse_release, Details: Button: 1, Position: (587, 106)
2025-09-22 16:30:25.462 [AWT-EventQueue-0] INFO  user - User action successful - Action: mouse_press, Details: Button: 1, Position: (99, 483)
2025-09-22 16:30:26.528 [AWT-EventQueue-0] INFO  user - User action successful - Action: mouse_release, Details: Button: 1, Position: (723, 82)
2025-09-22 16:30:27.264 [AWT-EventQueue-0] INFO  user - User action successful - Action: mouse_press, Details: Button: 1, Position: (651, 87)
2025-09-22 16:30:27.917 [AWT-EventQueue-0] INFO  user - User action successful - Action: mouse_release, Details: Button: 1, Position: (695, 92)
2025-09-22 16:30:30.483 [AWT-EventQueue-0] INFO  user - User action successful - Action: mouse_press, Details: Button: 1, Position: (653, 107)
2025-09-22 16:30:31.260 [AWT-EventQueue-0] INFO  user - User action successful - Action: mouse_release, Details: Button: 1, Position: (685, 108)
2025-09-22 16:30:37.651 [AWT-EventQueue-0] INFO  user - User action successful - Action: mouse_press, Details: Button: 1, Position: (379, 114)
2025-09-22 16:30:38.854 [AWT-EventQueue-0] INFO  user - User action successful - Action: mouse_release, Details: Button: 1, Position: (234, 101)
2025-09-22 16:30:46.761 [AWT-EventQueue-0] INFO  user - User action successful - Action: mouse_press, Details: Button: 1, Position: (237, 88)
2025-09-22 16:30:47.631 [AWT-EventQueue-0] INFO  user - User action successful - Action: mouse_release, Details: Button: 1, Position: (313, 88)
2025-09-22 16:34:16.432 [AWT-EventQueue-0] INFO  user - User action successful - Action: level_selection_open, Details: User opened level selection
2025-09-22 16:34:17.208 [AWT-EventQueue-0] INFO  user - User action successful - Action: level_start_request, Details: User requested to start level 1: Network Foundation
2025-09-22 16:34:18.273 [AWT-EventQueue-0] INFO  user - User action successful - Action: game_start, Details: New game session started
2025-09-22 16:34:19.368 [AWT-EventQueue-0] INFO  user - User action successful - Action: mouse_press, Details: Button: 1, Position: (136, 87)
2025-09-22 16:34:20.567 [AWT-EventQueue-0] INFO  user - User action successful - Action: mouse_release, Details: Button: 1, Position: (464, 95)
2025-09-22 16:34:22.265 [AWT-EventQueue-0] INFO  user - User action successful - Action: mouse_press, Details: Button: 1, Position: (502, 100)
2025-09-22 16:34:23.044 [AWT-EventQueue-0] INFO  user - User action successful - Action: mouse_release, Details: Button: 1, Position: (219, 109)
2025-09-22 16:34:24.166 [AWT-EventQueue-0] INFO  user - User action successful - Action: mouse_press, Details: Button: 1, Position: (491, 488)
2025-09-22 16:34:24.854 [AWT-EventQueue-0] INFO  user - User action successful - Action: mouse_release, Details: Button: 1, Position: (315, 97)
2025-09-22 16:34:25.703 [AWT-EventQueue-0] INFO  user - User action successful - Action: mouse_press, Details: Button: 1, Position: (253, 98)
2025-09-22 16:34:26.292 [AWT-EventQueue-0] INFO  user - User action successful - Action: mouse_release, Details: Button: 1, Position: (288, 96)
2025-09-22 16:34:28.354 [AWT-EventQueue-0] INFO  user - User action successful - Action: mouse_press, Details: Button: 1, Position: (101, 492)
2025-09-22 16:34:29.266 [AWT-EventQueue-0] INFO  user - User action successful - Action: mouse_release, Details: Button: 1, Position: (441, 104)
2025-09-22 16:34:30.066 [AWT-EventQueue-0] INFO  user - User action successful - Action: mouse_press, Details: Button: 1, Position: (357, 98)
2025-09-22 16:34:30.654 [AWT-EventQueue-0] INFO  user - User action successful - Action: mouse_release, Details: Button: 1, Position: (405, 105)
2025-09-22 16:34:32.555 [AWT-EventQueue-0] INFO  user - User action successful - Action: mouse_press, Details: Button: 1, Position: (134, 104)
2025-09-22 16:34:33.110 [AWT-EventQueue-0] INFO  user - User action successful - Action: mouse_release, Details: Button: 1, Position: (182, 114)
2025-09-22 16:34:35.241 [AWT-EventQueue-0] INFO  user - User action successful - Action: mouse_press, Details: Button: 1, Position: (251, 123)
2025-09-22 16:34:36.041 [AWT-EventQueue-0] INFO  user - User action successful - Action: mouse_release, Details: Button: 1, Position: (292, 116)
2025-09-22 16:34:37.535 [AWT-EventQueue-0] INFO  user - User action successful - Action: mouse_press, Details: Button: 1, Position: (364, 113)
2025-09-22 16:34:38.110 [AWT-EventQueue-0] INFO  user - User action successful - Action: mouse_release, Details: Button: 1, Position: (412, 116)
2025-09-22 16:34:39.732 [AWT-EventQueue-0] INFO  user - User action successful - Action: mouse_press, Details: Button: 1, Position: (360, 117)
2025-09-22 16:34:40.362 [AWT-EventQueue-0] INFO  user - User action successful - Action: mouse_release, Details: Button: 1, Position: (409, 121)
2025-09-22 16:40:02.393 [AWT-EventQueue-0] INFO  user - User action successful - Action: level_selection_open, Details: User opened level selection
2025-09-22 16:40:03.083 [AWT-EventQueue-0] INFO  user - User action successful - Action: level_start_request, Details: User requested to start level 1: Network Foundation
2025-09-22 16:40:04.095 [AWT-EventQueue-0] INFO  user - User action successful - Action: game_start, Details: New game session started
2025-09-22 16:40:05.378 [AWT-EventQueue-0] INFO  user - User action successful - Action: mouse_press, Details: Button: 1, Position: (136, 92)
2025-09-22 16:40:06.360 [AWT-EventQueue-0] INFO  user - User action successful - Action: mouse_release, Details: Button: 1, Position: (467, 88)
2025-09-22 16:40:08.156 [AWT-EventQueue-0] INFO  user - User action successful - Action: mouse_press, Details: Button: 1, Position: (487, 113)
2025-09-22 16:40:08.751 [AWT-EventQueue-0] INFO  user - User action successful - Action: mouse_release, Details: Button: 1, Position: (220, 116)
2025-09-22 16:40:09.306 [AWT-EventQueue-0] INFO  user - User action successful - Action: mouse_press, Details: Button: 1, Position: (494, 502)
2025-09-22 16:40:09.979 [AWT-EventQueue-0] INFO  user - User action successful - Action: mouse_release, Details: Button: 1, Position: (341, 96)
2025-09-22 16:40:10.842 [AWT-EventQueue-0] INFO  user - User action successful - Action: mouse_press, Details: Button: 1, Position: (270, 92)
2025-09-22 16:40:11.438 [AWT-EventQueue-0] INFO  user - User action successful - Action: mouse_release, Details: Button: 1, Position: (312, 80)
2025-09-22 16:40:12.722 [AWT-EventQueue-0] INFO  user - User action successful - Action: mouse_press, Details: Button: 1, Position: (357, 84)
2025-09-22 16:40:13.108 [AWT-EventQueue-0] INFO  user - User action successful - Action: mouse_release, Details: Button: 1, Position: (381, 96)
2025-09-22 16:40:13.929 [AWT-EventQueue-0] INFO  user - User action successful - Action: mouse_press, Details: Button: 1, Position: (99, 491)
2025-09-22 16:40:14.124 [AWT-EventQueue-0] INFO  user - User action successful - Action: mouse_release, Details: Button: 1, Position: (462, 188)
2025-09-22 16:40:14.854 [AWT-EventQueue-0] INFO  user - User action successful - Action: mouse_press, Details: Button: 1, Position: (466, 182)
2025-09-22 16:40:15.394 [AWT-EventQueue-0] INFO  user - User action successful - Action: mouse_release, Details: Button: 1, Position: (495, 97)
2025-09-22 16:40:16.293 [AWT-EventQueue-0] INFO  user - User action successful - Action: mouse_press, Details: Button: 1, Position: (407, 94)
2025-09-22 16:40:17.107 [AWT-EventQueue-0] INFO  user - User action successful - Action: mouse_release, Details: Button: 1, Position: (455, 104)
2025-09-22 16:40:19.036 [AWT-EventQueue-0] INFO  user - User action successful - Action: mouse_press, Details: Button: 1, Position: (136, 108)
2025-09-22 16:40:20.025 [AWT-EventQueue-0] INFO  user - User action successful - Action: mouse_release, Details: Button: 1, Position: (199, 113)
2025-09-22 16:40:21.927 [AWT-EventQueue-0] INFO  user - User action successful - Action: mouse_press, Details: Button: 1, Position: (270, 111)
2025-09-22 16:40:22.817 [AWT-EventQueue-0] INFO  user - User action successful - Action: mouse_release, Details: Button: 1, Position: (336, 112)
2025-09-22 16:40:24.467 [AWT-EventQueue-0] INFO  user - User action successful - Action: mouse_press, Details: Button: 1, Position: (404, 112)
2025-09-22 16:40:25.210 [AWT-EventQueue-0] INFO  user - User action successful - Action: mouse_release, Details: Button: 1, Position: (456, 121)
2025-09-22 16:42:08.205 [AWT-EventQueue-0] INFO  user - User action successful - Action: level_selection_open, Details: User opened level selection
2025-09-22 16:42:08.808 [AWT-EventQueue-0] INFO  user - User action successful - Action: level_start_request, Details: User requested to start level 1: Network Foundation
2025-09-22 16:42:09.824 [AWT-EventQueue-0] INFO  user - User action successful - Action: game_start, Details: New game session started
2025-09-22 16:42:11.130 [AWT-EventQueue-0] INFO  user - User action successful - Action: mouse_press, Details: Button: 1, Position: (139, 92)
2025-09-22 16:42:12.252 [AWT-EventQueue-0] INFO  user - User action successful - Action: mouse_release, Details: Button: 1, Position: (468, 88)
2025-09-22 16:42:13.803 [AWT-EventQueue-0] INFO  user - User action successful - Action: mouse_press, Details: Button: 1, Position: (495, 108)
2025-09-22 16:42:14.665 [AWT-EventQueue-0] INFO  user - User action successful - Action: mouse_release, Details: Button: 1, Position: (255, 107)
2025-09-22 16:42:15.789 [AWT-EventQueue-0] INFO  user - User action successful - Action: mouse_press, Details: Button: 1, Position: (139, 108)
2025-09-22 16:42:16.637 [AWT-EventQueue-0] INFO  user - User action successful - Action: mouse_release, Details: Button: 1, Position: (232, 104)
2025-09-22 16:42:20.545 [AWT-EventQueue-0] INFO  user - User action successful - Action: mouse_press, Details: Button: 1, Position: (511, 508)
2025-09-22 16:42:21.730 [AWT-EventQueue-0] INFO  user - User action successful - Action: mouse_release, Details: Button: 1, Position: (386, 108)
2025-09-22 16:42:22.876 [AWT-EventQueue-0] INFO  user - User action successful - Action: mouse_press, Details: Button: 1, Position: (299, 87)
2025-09-22 16:42:23.619 [AWT-EventQueue-0] INFO  user - User action successful - Action: mouse_release, Details: Button: 1, Position: (339, 91)
2025-09-22 16:42:25.710 [AWT-EventQueue-0] INFO  user - User action successful - Action: mouse_press, Details: Button: 1, Position: (295, 106)
2025-09-22 16:42:27.065 [AWT-EventQueue-0] INFO  user - User action successful - Action: mouse_release, Details: Button: 1, Position: (340, 106)
2025-09-22 16:42:28.934 [AWT-EventQueue-0] INFO  user - User action successful - Action: mouse_press, Details: Button: 1, Position: (115, 477)
2025-09-22 16:42:30.109 [AWT-EventQueue-0] INFO  user - User action successful - Action: mouse_release, Details: Button: 1, Position: (518, 79)
2025-09-22 16:42:31.275 [AWT-EventQueue-0] INFO  user - User action successful - Action: mouse_press, Details: Button: 1, Position: (411, 87)
2025-09-22 16:42:32.467 [AWT-EventQueue-0] INFO  user - User action successful - Action: mouse_release, Details: Button: 1, Position: (467, 94)
2025-09-22 16:42:34.319 [AWT-EventQueue-0] INFO  user - User action successful - Action: mouse_press, Details: Button: 1, Position: (410, 110)
2025-09-22 16:42:35.333 [AWT-EventQueue-0] INFO  user - User action successful - Action: mouse_release, Details: Button: 1, Position: (469, 108)
2025-09-22 23:08:00.071 [AWT-EventQueue-0] INFO  user - User action successful - Action: game_start, Details: New game session started
